<?xml version="1.0" ?>
<coverage branch-rate="0.6612" branches-covered="1936" branches-valid="2928" complexity="0" line-rate="0.8125" lines-covered="4360" lines-valid="5366" timestamp="1752832956076" version="6.2">
	<!-- Generated by coverage.py: https://coverage.readthedocs.io -->
	<!-- Based on https://raw.githubusercontent.com/cobertura/web/master/htdocs/xml/coverage-04.dtd -->
	<sources>
		<source>/code/modules/weko-records/weko_records</source>
	</sources>
	<packages>
		<package branch-rate="0.642" complexity="0" line-rate="0.7518" name=".">
			<classes>
				<class name="__init__.py" filename="__init__.py" complexity="0" line-rate="1" branch-rate="1">
					<methods/>
					<lines>
						<line number="23" hits="1"/>
						<line number="24" hits="1"/>
						<line number="26" hits="1"/>
					</lines>
				</class>
				<class branch-rate="0.7849" complexity="0" filename="api.py" line-rate="0.8761" name="api.py">
					<methods/>
					<lines>
						<line hits="1" number="21"/>
						<line hits="1" number="23"/>
						<line hits="1" number="24"/>
						<line hits="1" number="25"/>
						<line hits="1" number="26"/>
						<line hits="1" number="27"/>
						<line hits="1" number="28"/>
						<line hits="1" number="29"/>
						<line hits="1" number="30"/>
						<line hits="1" number="32"/>
						<line hits="1" number="33"/>
						<line hits="1" number="34"/>
						<line hits="1" number="35"/>
						<line hits="1" number="36"/>
						<line hits="1" number="37"/>
						<line hits="1" number="38"/>
						<line hits="1" number="39"/>
						<line hits="1" number="40"/>
						<line hits="1" number="41"/>
						<line hits="1" number="44"/>
						<line hits="1" number="45"/>
						<line hits="1" number="46"/>
						<line hits="1" number="47"/>
						<line hits="1" number="48"/>
						<line hits="1" number="49"/>
						<line hits="1" number="50"/>
						<line hits="1" number="51"/>
						<line hits="1" number="54"/>
						<line hits="1" number="55"/>
						<line branch="true" condition-coverage="100% (2/2)" hits="1" number="65"/>
						<line branch="true" condition-coverage="100% (2/2)" hits="1" number="69"/>
						<line hits="1" number="72"/>
						<line hits="1" number="78"/>
						<line hits="1" number="79"/>
						<line hits="1" number="81"/>
						<line hits="1" number="84"/>
						<line hits="1" number="86"/>
						<line hits="1" number="89"/>
						<line hits="1" number="91"/>
						<line hits="1" number="94"/>
						<line hits="1" number="96"/>
						<line hits="1" number="99"/>
						<line hits="1" number="101"/>
						<line branch="true" condition-coverage="100% (2/2)" hits="1" number="163"/>
						<line hits="1" number="164"/>
						<line hits="1" number="165"/>
						<line hits="1" number="167"/>
						<line hits="1" number="169"/>
						<line hits="1" number="171"/>
						<line hits="1" number="173"/>
						<line branch="true" condition-coverage="100% (2/2)" hits="1" number="176"/>
						<line hits="1" number="179"/>
						<line hits="1" number="182"/>
						<line hits="1" number="183"/>
						<line branch="true" condition-coverage="100% (2/2)" hits="1" number="184"/>
						<line hits="1" number="185"/>
						<line hits="1" number="186"/>
						<line hits="1" number="187"/>
						<line branch="true" condition-coverage="100% (2/2)" hits="1" number="189"/>
						<line branch="true" condition-coverage="100% (2/2)" hits="1" number="190"/>
						<line branch="true" condition-coverage="50% (1/2)" hits="1" missing-branches="190" number="191"/>
						<line hits="1" number="192"/>
						<line branch="true" condition-coverage="100% (2/2)" hits="1" number="193"/>
						<line hits="1" number="194"/>
						<line branch="true" condition-coverage="50% (1/2)" hits="1" missing-branches="193" number="195"/>
						<line hits="1" number="196"/>
						<line hits="1" number="197"/>
						<line hits="1" number="198"/>
						<line hits="1" number="200"/>
						<line hits="1" number="201"/>
						<line hits="1" number="207"/>
						<line hits="1" number="208"/>
						<line branch="true" condition-coverage="100% (2/2)" hits="1" number="209"/>
						<line hits="1" number="210"/>
						<line hits="1" number="211"/>
						<line hits="1" number="213"/>
						<line hits="1" number="214"/>
						<line hits="1" number="221"/>
						<line hits="1" number="222"/>
						<line branch="true" condition-coverage="100% (2/2)" hits="1" number="223"/>
						<line hits="1" number="224"/>
						<line hits="1" number="225"/>
						<line hits="1" number="227"/>
						<line hits="1" number="230"/>
						<line hits="1" number="231"/>
						<line hits="1" number="233"/>
						<line hits="1" number="254"/>
						<line hits="1" number="255"/>
						<line branch="true" condition-coverage="100% (2/2)" hits="1" number="260"/>
						<line hits="1" number="261"/>
						<line hits="1" number="263"/>
						<line hits="1" number="264"/>
						<line hits="1" number="266"/>
						<line hits="1" number="270"/>
						<line hits="1" number="272"/>
						<line hits="1" number="279"/>
						<line hits="1" number="280"/>
						<line hits="1" number="281"/>
						<line hits="1" number="283"/>
						<line branch="true" condition-coverage="100% (2/2)" hits="1" number="286"/>
						<line hits="1" number="289"/>
						<line hits="1" number="290"/>
						<line branch="true" condition-coverage="100% (2/2)" hits="1" number="323"/>
						<line hits="1" number="324"/>
						<line branch="true" condition-coverage="100% (2/2)" hits="1" number="325"/>
						<line branch="true" condition-coverage="100% (2/2)" hits="1" number="326"/>
						<line hits="1" number="327"/>
						<line hits="1" number="329"/>
						<line hits="1" number="330"/>
						<line hits="1" number="332"/>
						<line branch="true" condition-coverage="100% (2/2)" hits="1" number="336"/>
						<line hits="1" number="337"/>
						<line hits="1" number="341"/>
						<line hits="1" number="344"/>
						<line hits="1" number="346"/>
						<line hits="1" number="350"/>
						<line hits="1" number="352"/>
						<line hits="1" number="353"/>
						<line hits="1" number="365"/>
						<line hits="1" number="366"/>
						<line branch="true" condition-coverage="100% (2/2)" hits="1" number="368"/>
						<line hits="1" number="369"/>
						<line hits="1" number="373"/>
						<line hits="1" number="375"/>
						<line branch="true" condition-coverage="100% (2/2)" hits="1" number="376"/>
						<line hits="1" number="377"/>
						<line hits="1" number="378"/>
						<line hits="1" number="379"/>
						<line hits="1" number="383"/>
						<line hits="1" number="396"/>
						<line hits="1" number="397"/>
						<line hits="1" number="398"/>
						<line hits="1" number="400"/>
						<line hits="1" number="401"/>
						<line hits="1" number="403"/>
						<line branch="true" condition-coverage="100% (2/2)" hits="1" number="404"/>
						<line hits="1" number="406"/>
						<line branch="true" condition-coverage="100% (2/2)" hits="1" number="408"/>
						<line hits="1" number="409"/>
						<line hits="1" number="411"/>
						<line hits="1" number="412"/>
						<line hits="1" number="413"/>
						<line hits="1" number="415"/>
						<line branch="true" condition-coverage="100% (2/2)" hits="1" number="418"/>
						<line hits="1" number="419"/>
						<line hits="1" number="421"/>
						<line hits="1" number="423"/>
						<line hits="1" number="424"/>
						<line branch="true" condition-coverage="50% (1/2)" hits="1" missing-branches="428" number="427"/>
						<line hits="0" number="428"/>
						<line hits="1" number="432"/>
						<line hits="1" number="434"/>
						<line hits="1" number="436"/>
						<line hits="1" number="437"/>
						<line hits="1" number="438"/>
						<line hits="1" number="439"/>
						<line hits="1" number="440"/>
						<line hits="1" number="442"/>
						<line hits="1" number="453"/>
						<line hits="1" number="460"/>
						<line hits="1" number="462"/>
						<line hits="1" number="469"/>
						<line branch="true" condition-coverage="100% (2/2)" hits="1" number="470"/>
						<line branch="true" condition-coverage="100% (2/2)" hits="1" number="471"/>
						<line hits="1" number="472"/>
						<line hits="1" number="473"/>
						<line hits="1" number="474"/>
						<line hits="1" number="476"/>
						<line hits="1" number="483"/>
						<line branch="true" condition-coverage="100% (2/2)" hits="1" number="484"/>
						<line hits="1" number="485"/>
						<line branch="true" condition-coverage="50% (1/2)" hits="1" missing-branches="487" number="486"/>
						<line hits="0" number="487"/>
						<line hits="1" number="488"/>
						<line hits="1" number="490"/>
						<line hits="1" number="496"/>
						<line hits="1" number="497"/>
						<line hits="1" number="498"/>
						<line branch="true" condition-coverage="100% (2/2)" hits="1" number="499"/>
						<line hits="1" number="500"/>
						<line hits="1" number="501"/>
						<line hits="1" number="503"/>
						<line branch="true" condition-coverage="50% (1/2)" hits="1" missing-branches="505" number="504"/>
						<line hits="0" number="505"/>
						<line branch="true" condition-coverage="50% (1/2)" hits="1" missing-branches="507" number="506"/>
						<line hits="0" number="507"/>
						<line branch="true" condition-coverage="50% (1/2)" hits="1" missing-branches="509" number="508"/>
						<line hits="0" number="509"/>
						<line hits="1" number="511"/>
						<line hits="1" number="512"/>
						<line hits="1" number="514"/>
						<line hits="1" number="520"/>
						<line hits="1" number="521"/>
						<line branch="true" condition-coverage="100% (2/2)" hits="1" number="522"/>
						<line hits="1" number="523"/>
						<line branch="true" condition-coverage="50% (1/2)" hits="1" missing-branches="522" number="524"/>
						<line hits="1" number="525"/>
						<line hits="1" number="526"/>
						<line hits="1" number="527"/>
						<line hits="0" number="528"/>
						<line hits="0" number="529"/>
						<line hits="0" number="530"/>
						<line hits="0" number="531"/>
						<line hits="1" number="533"/>
						<line hits="1" number="540"/>
						<line hits="1" number="542"/>
						<line branch="true" condition-coverage="50% (1/2)" hits="1" missing-branches="544" number="543"/>
						<line hits="0" number="544"/>
						<line hits="1" number="545"/>
						<line hits="1" number="547"/>
						<line hits="1" number="554"/>
						<line hits="1" number="556"/>
						<line branch="true" condition-coverage="50% (1/2)" hits="1" missing-branches="558" number="557"/>
						<line hits="0" number="558"/>
						<line hits="1" number="559"/>
						<line hits="1" number="562"/>
						<line hits="1" number="563"/>
						<line hits="1" number="564"/>
						<line branch="true" condition-coverage="100% (2/2)" hits="1" number="565"/>
						<line hits="1" number="566"/>
						<line hits="1" number="569"/>
						<line hits="1" number="570"/>
						<line hits="1" number="571"/>
						<line branch="true" condition-coverage="100% (2/2)" hits="1" number="572"/>
						<line hits="1" number="573"/>
						<line hits="1" number="574"/>
						<line hits="1" number="575"/>
						<line branch="true" condition-coverage="50% (1/2)" hits="1" missing-branches="572" number="577"/>
						<line hits="1" number="578"/>
						<line hits="1" number="579"/>
						<line branch="true" condition-coverage="50% (1/2)" hits="1" missing-branches="584" number="583"/>
						<line hits="0" number="584"/>
						<line hits="1" number="587"/>
						<line hits="1" number="589"/>
						<line hits="1" number="591"/>
						<line hits="1" number="593"/>
						<line hits="1" number="600"/>
						<line hits="1" number="601"/>
						<line hits="1" number="602"/>
						<line hits="1" number="603"/>
						<line hits="1" number="605"/>
						<line hits="1" number="606"/>
						<line hits="1" number="607"/>
						<line hits="0" number="608"/>
						<line hits="0" number="609"/>
						<line hits="1" number="610"/>
						<line hits="1" number="612"/>
						<line hits="1" number="613"/>
						<line hits="1" number="620"/>
						<line hits="1" number="621"/>
						<line branch="true" condition-coverage="100% (2/2)" hits="1" number="622"/>
						<line hits="1" number="623"/>
						<line hits="1" number="624"/>
						<line branch="true" condition-coverage="100% (2/2)" hits="1" number="625"/>
						<line hits="1" number="626"/>
						<line hits="1" number="627"/>
						<line hits="1" number="629"/>
						<line hits="1" number="630"/>
						<line hits="1" number="637"/>
						<line hits="1" number="638"/>
						<line branch="true" condition-coverage="100% (2/2)" hits="1" number="639"/>
						<line hits="1" number="640"/>
						<line branch="true" condition-coverage="100% (2/2)" hits="1" number="641"/>
						<line hits="1" number="643"/>
						<line hits="1" number="644"/>
						<line hits="1" number="654"/>
						<line hits="1" number="655"/>
						<line branch="true" condition-coverage="100% (2/2)" hits="1" number="656"/>
						<line hits="1" number="657"/>
						<line hits="1" number="658"/>
						<line hits="1" number="659"/>
						<line hits="1" number="661"/>
						<line hits="1" number="662"/>
						<line hits="0" number="672"/>
						<line hits="0" number="673"/>
						<line branch="true" condition-coverage="0% (0/2)" hits="0" missing-branches="675,676" number="674"/>
						<line hits="0" number="675"/>
						<line hits="0" number="676"/>
						<line hits="0" number="677"/>
						<line branch="true" condition-coverage="0% (0/2)" hits="0" missing-branches="679,680" number="678"/>
						<line hits="0" number="679"/>
						<line hits="0" number="680"/>
						<line hits="0" number="681"/>
						<line hits="1" number="683"/>
						<line hits="1" number="684"/>
						<line hits="1" number="691"/>
						<line hits="1" number="692"/>
						<line branch="true" condition-coverage="100% (2/2)" hits="1" number="693"/>
						<line hits="1" number="694"/>
						<line hits="1" number="695"/>
						<line hits="1" number="697"/>
						<line hits="1" number="698"/>
						<line hits="1" number="705"/>
						<line hits="1" number="706"/>
						<line branch="true" condition-coverage="100% (2/2)" hits="1" number="707"/>
						<line hits="1" number="708"/>
						<line branch="true" condition-coverage="100% (2/2)" hits="1" number="709"/>
						<line hits="1" number="711"/>
						<line hits="1" number="712"/>
						<line hits="1" number="718"/>
						<line hits="1" number="719"/>
						<line branch="true" condition-coverage="100% (2/2)" hits="1" number="720"/>
						<line hits="1" number="721"/>
						<line hits="1" number="723"/>
						<line hits="1" number="725"/>
						<line hits="1" number="726"/>
						<line hits="1" number="732"/>
						<line hits="1" number="733"/>
						<line branch="true" condition-coverage="100% (2/2)" hits="1" number="737"/>
						<line hits="1" number="738"/>
						<line hits="1" number="739"/>
						<line hits="1" number="741"/>
						<line hits="1" number="742"/>
						<line hits="1" number="751"/>
						<line hits="1" number="752"/>
						<line branch="true" condition-coverage="100% (2/2)" hits="1" number="753"/>
						<line hits="1" number="754"/>
						<line hits="1" number="758"/>
						<line hits="1" number="760"/>
						<line hits="1" number="761"/>
						<line hits="1" number="767"/>
						<line hits="1" number="768"/>
						<line branch="true" condition-coverage="100% (2/2)" hits="1" number="769"/>
						<line hits="1" number="770"/>
						<line hits="1" number="771"/>
						<line hits="1" number="773"/>
						<line hits="1" number="779"/>
						<line hits="1" number="780"/>
						<line hits="1" number="782"/>
						<line branch="true" condition-coverage="100% (2/2)" hits="1" number="808"/>
						<line hits="1" number="809"/>
						<line hits="1" number="811"/>
						<line hits="1" number="812"/>
						<line hits="1" number="824"/>
						<line hits="1" number="826"/>
						<line hits="1" number="830"/>
						<line hits="1" number="832"/>
						<line branch="true" condition-coverage="100% (2/2)" hits="1" number="853"/>
						<line hits="1" number="854"/>
						<line hits="1" number="856"/>
						<line hits="1" number="857"/>
						<line branch="true" condition-coverage="100% (2/2)" hits="1" number="862"/>
						<line hits="1" number="863"/>
						<line hits="1" number="865"/>
						<line hits="1" number="866"/>
						<line hits="1" number="868"/>
						<line hits="1" number="872"/>
						<line hits="1" number="874"/>
						<line branch="true" condition-coverage="100% (2/2)" hits="1" number="889"/>
						<line hits="1" number="890"/>
						<line hits="1" number="892"/>
						<line hits="0" number="894"/>
						<line hits="0" number="895"/>
						<line hits="0" number="900"/>
						<line hits="0" number="902"/>
						<line hits="0" number="904"/>
						<line hits="0" number="908"/>
						<line hits="1" number="910"/>
						<line branch="true" condition-coverage="100% (2/2)" hits="1" number="917"/>
						<line hits="1" number="918"/>
						<line hits="1" number="920"/>
						<line hits="1" number="921"/>
						<line hits="1" number="922"/>
						<line hits="1" number="924"/>
						<line hits="1" number="926"/>
						<line branch="true" condition-coverage="100% (2/2)" hits="1" number="929"/>
						<line hits="1" number="930"/>
						<line hits="1" number="932"/>
						<line hits="1" number="934"/>
						<line hits="1" number="935"/>
						<line hits="1" number="944"/>
						<line hits="1" number="945"/>
						<line hits="1" number="946"/>
						<line hits="1" number="948"/>
						<line branch="true" condition-coverage="100% (2/2)" hits="1" number="949"/>
						<line branch="true" condition-coverage="50% (1/2)" hits="1" missing-branches="949" number="950"/>
						<line hits="1" number="951"/>
						<line branch="true" condition-coverage="100% (2/2)" hits="1" number="952"/>
						<line hits="1" number="953"/>
						<line hits="1" number="954"/>
						<line branch="true" condition-coverage="50% (1/2)" hits="1" missing-branches="949" number="955"/>
						<line hits="1" number="956"/>
						<line branch="true" condition-coverage="50% (1/2)" hits="1" missing-branches="958" number="957"/>
						<line hits="0" number="958"/>
						<line hits="1" number="959"/>
						<line branch="true" condition-coverage="50% (1/2)" hits="1" missing-branches="949" number="960"/>
						<line branch="true" condition-coverage="100% (2/2)" hits="1" number="963"/>
						<line hits="1" number="964"/>
						<line hits="1" number="965"/>
						<line branch="true" condition-coverage="50% (1/2)" hits="1" missing-branches="967" number="966"/>
						<line hits="0" number="967"/>
						<line branch="true" condition-coverage="50% (1/2)" hits="1" missing-branches="969" number="968"/>
						<line hits="0" number="969"/>
						<line branch="true" condition-coverage="50% (1/2)" hits="1" missing-branches="971" number="970"/>
						<line hits="0" number="971"/>
						<line branch="true" condition-coverage="50% (1/2)" hits="1" missing-branches="973" number="972"/>
						<line hits="0" number="973"/>
						<line hits="1" number="975"/>
						<line hits="1" number="976"/>
						<line hits="1" number="977"/>
						<line hits="1" number="978"/>
						<line hits="1" number="979"/>
						<line hits="1" number="981"/>
						<line hits="1" number="982"/>
						<line hits="1" number="984"/>
						<line hits="1" number="985"/>
						<line hits="1" number="986"/>
						<line hits="1" number="987"/>
						<line hits="1" number="989"/>
						<line hits="1" number="991"/>
						<line hits="1" number="992"/>
						<line hits="1" number="994"/>
						<line hits="1" number="995"/>
						<line branch="true" condition-coverage="50% (1/2)" hits="1" missing-branches="1002" number="998"/>
						<line hits="1" number="999"/>
						<line branch="true" condition-coverage="50% (1/2)" hits="1" missing-branches="1019" number="1002"/>
						<line branch="true" condition-coverage="50% (1/2)" hits="1" missing-branches="1019" number="1003"/>
						<line hits="1" number="1004"/>
						<line hits="1" number="1019"/>
						<line hits="1" number="1024"/>
						<line branch="true" condition-coverage="100% (2/2)" hits="1" number="1025"/>
						<line branch="true" condition-coverage="100% (2/2)" hits="1" number="1026"/>
						<line branch="true" condition-coverage="50% (1/2)" hits="1" missing-branches="1034" number="1027"/>
						<line hits="1" number="1028"/>
						<line hits="1" number="1029"/>
						<line hits="1" number="1030"/>
						<line hits="1" number="1031"/>
						<line hits="1" number="1032"/>
						<line hits="1" number="1034"/>
						<line hits="1" number="1040"/>
						<line hits="1" number="1042"/>
						<line hits="1" number="1044"/>
						<line branch="true" condition-coverage="50% (1/2)" hits="1" missing-branches="exit" number="1045"/>
						<line branch="true" condition-coverage="100% (2/2)" hits="1" number="1046"/>
						<line branch="true" condition-coverage="100% (2/2)" hits="1" number="1047"/>
						<line branch="true" condition-coverage="50% (1/2)" hits="1" missing-branches="1046" number="1048"/>
						<line branch="true" condition-coverage="100% (2/2)" hits="1" number="1049"/>
						<line branch="true" condition-coverage="50% (1/2)" hits="1" missing-branches="1053" number="1050"/>
						<line branch="true" condition-coverage="50% (1/2)" hits="1" missing-branches="1053" number="1051"/>
						<line hits="1" number="1052"/>
						<line branch="true" condition-coverage="50% (1/2)" hits="1" missing-branches="1054" number="1053"/>
						<line branch="true" condition-coverage="0% (0/2)" hits="0" missing-branches="1055,1063" number="1054"/>
						<line branch="true" condition-coverage="0% (0/2)" hits="0" missing-branches="1056,1063" number="1055"/>
						<line hits="0" number="1056"/>
						<line branch="true" condition-coverage="100% (2/2)" hits="1" number="1063"/>
						<line branch="true" condition-coverage="50% (1/2)" hits="1" missing-branches="1046" number="1064"/>
						<line hits="1" number="1065"/>
						<line hits="1" number="1067"/>
						<line hits="1" number="1068"/>
						<line hits="1" number="1069"/>
						<line branch="true" condition-coverage="100% (2/2)" hits="1" number="1070"/>
						<line branch="true" condition-coverage="100% (2/2)" hits="1" number="1071"/>
						<line hits="1" number="1072"/>
						<line branch="true" condition-coverage="50% (1/2)" hits="1" missing-branches="exit" number="1073"/>
						<line branch="true" condition-coverage="50% (1/2)" hits="1" missing-branches="exit" number="1074"/>
						<line hits="1" number="1075"/>
						<line hits="1" number="1076"/>
						<line branch="true" condition-coverage="50% (1/2)" hits="1" missing-branches="exit" number="1077"/>
						<line hits="1" number="1078"/>
						<line hits="1" number="1079"/>
						<line hits="1" number="1080"/>
						<line hits="1" number="1081"/>
						<line hits="1" number="1082"/>
						<line hits="1" number="1083"/>
						<line hits="1" number="1084"/>
						<line hits="1" number="1085"/>
						<line hits="1" number="1086"/>
						<line branch="true" condition-coverage="100% (2/2)" hits="1" number="1088"/>
						<line hits="1" number="1089"/>
						<line branch="true" condition-coverage="100% (2/2)" hits="1" number="1090"/>
						<line hits="1" number="1091"/>
						<line branch="true" condition-coverage="100% (2/2)" hits="1" number="1092"/>
						<line hits="1" number="1093"/>
						<line branch="true" condition-coverage="100% (2/2)" hits="1" number="1094"/>
						<line hits="1" number="1095"/>
						<line branch="true" condition-coverage="100% (2/2)" hits="1" number="1096"/>
						<line hits="1" number="1097"/>
						<line branch="true" condition-coverage="100% (2/2)" hits="1" number="1098"/>
						<line hits="1" number="1099"/>
						<line branch="true" condition-coverage="100% (2/2)" hits="1" number="1100"/>
						<line hits="1" number="1101"/>
						<line hits="1" number="1102"/>
						<line branch="true" condition-coverage="100% (2/2)" hits="1" number="1103"/>
						<line hits="1" number="1104"/>
						<line branch="true" condition-coverage="100% (2/2)" hits="1" number="1105"/>
						<line hits="1" number="1106"/>
						<line hits="1" number="1108"/>
						<line hits="1" number="1109"/>
						<line hits="1" number="1110"/>
						<line hits="1" number="1111"/>
						<line hits="1" number="1112"/>
						<line branch="true" condition-coverage="100% (2/2)" hits="1" number="1113"/>
						<line hits="1" number="1114"/>
						<line branch="true" condition-coverage="100% (2/2)" hits="1" number="1115"/>
						<line hits="1" number="1116"/>
						<line branch="true" condition-coverage="100% (2/2)" hits="1" number="1117"/>
						<line hits="1" number="1118"/>
						<line branch="true" condition-coverage="100% (2/2)" hits="1" number="1119"/>
						<line hits="1" number="1120"/>
						<line branch="true" condition-coverage="100% (2/2)" hits="1" number="1121"/>
						<line hits="1" number="1122"/>
						<line hits="1" number="1124"/>
						<line branch="true" condition-coverage="50% (1/2)" hits="1" missing-branches="1127" number="1126"/>
						<line branch="true" condition-coverage="0% (0/2)" hits="0" missing-branches="1128,1142" number="1127"/>
						<line hits="0" number="1128"/>
						<line branch="true" condition-coverage="0% (0/2)" hits="0" missing-branches="1127,1130" number="1129"/>
						<line hits="0" number="1130"/>
						<line branch="true" condition-coverage="50% (1/2)" hits="1" missing-branches="1142" number="1131"/>
						<line branch="true" condition-coverage="100% (2/2)" hits="1" number="1132"/>
						<line hits="1" number="1133"/>
						<line branch="true" condition-coverage="50% (1/2)" hits="1" missing-branches="1142" number="1134"/>
						<line branch="true" condition-coverage="50% (1/2)" hits="1" missing-branches="1142" number="1135"/>
						<line branch="true" condition-coverage="100% (2/2)" hits="1" number="1136"/>
						<line hits="1" number="1137"/>
						<line branch="true" condition-coverage="50% (1/2)" hits="1" missing-branches="1139" number="1138"/>
						<line hits="0" number="1139"/>
						<line branch="true" condition-coverage="0% (0/2)" hits="0" missing-branches="1135,1141" number="1140"/>
						<line hits="0" number="1141"/>
						<line hits="0" number="1142"/>
						<line branch="true" condition-coverage="100% (2/2)" hits="1" number="1145"/>
						<line hits="1" number="1148"/>
						<line hits="1" number="1149"/>
						<line hits="1" number="1159"/>
						<line hits="1" number="1160"/>
						<line hits="1" number="1162"/>
						<line branch="true" condition-coverage="50% (1/2)" hits="1" missing-branches="1171" number="1168"/>
						<line hits="1" number="1169"/>
						<line hits="1" number="1170"/>
						<line hits="1" number="1171"/>
						<line hits="1" number="1173"/>
						<line hits="1" number="1180"/>
						<line hits="1" number="1181"/>
						<line branch="true" condition-coverage="100% (2/2)" hits="1" number="1185"/>
						<line hits="1" number="1188"/>
						<line hits="1" number="1189"/>
						<line hits="1" number="1218"/>
						<line hits="1" number="1219"/>
						<line hits="1" number="1221"/>
						<line hits="1" number="1228"/>
						<line hits="1" number="1231"/>
						<line hits="1" number="1233"/>
						<line hits="1" number="1237"/>
						<line hits="1" number="1239"/>
						<line hits="1" number="1240"/>
						<line hits="1" number="1249"/>
						<line hits="1" number="1250"/>
						<line branch="true" condition-coverage="100% (2/2)" hits="1" number="1251"/>
						<line hits="1" number="1252"/>
						<line hits="1" number="1253"/>
						<line branch="true" condition-coverage="100% (2/2)" hits="1" number="1254"/>
						<line hits="1" number="1255"/>
						<line hits="1" number="1256"/>
						<line hits="1" number="1258"/>
						<line hits="1" number="1259"/>
						<line hits="1" number="1266"/>
						<line hits="1" number="1267"/>
						<line branch="true" condition-coverage="50% (1/2)" hits="1" missing-branches="1270" number="1268"/>
						<line hits="1" number="1269"/>
						<line branch="true" condition-coverage="100% (2/2)" hits="1" number="1270"/>
						<line hits="1" number="1272"/>
						<line hits="1" number="1278"/>
						<line hits="1" number="1279"/>
						<line hits="1" number="1281"/>
						<line branch="true" condition-coverage="50% (1/2)" hits="1" missing-branches="1310" number="1307"/>
						<line hits="1" number="1308"/>
						<line hits="0" number="1310"/>
						<line hits="0" number="1311"/>
						<line hits="0" number="1316"/>
						<line hits="0" number="1318"/>
						<line hits="0" number="1319"/>
						<line hits="0" number="1321"/>
						<line hits="0" number="1323"/>
						<line hits="0" number="1327"/>
						<line hits="1" number="1329"/>
						<line branch="true" condition-coverage="100% (2/2)" hits="1" number="1350"/>
						<line hits="1" number="1351"/>
						<line hits="1" number="1353"/>
						<line hits="1" number="1354"/>
						<line branch="true" condition-coverage="100% (2/2)" hits="1" number="1359"/>
						<line hits="1" number="1360"/>
						<line hits="1" number="1362"/>
						<line hits="1" number="1363"/>
						<line hits="1" number="1365"/>
						<line hits="1" number="1369"/>
						<line hits="1" number="1371"/>
						<line branch="true" condition-coverage="100% (2/2)" hits="1" number="1385"/>
						<line hits="1" number="1386"/>
						<line hits="1" number="1388"/>
						<line hits="0" number="1390"/>
						<line hits="0" number="1391"/>
						<line hits="0" number="1396"/>
						<line hits="0" number="1398"/>
						<line hits="0" number="1400"/>
						<line hits="0" number="1404"/>
						<line hits="1" number="1406"/>
						<line branch="true" condition-coverage="100% (2/2)" hits="1" number="1409"/>
						<line hits="1" number="1410"/>
						<line hits="1" number="1412"/>
						<line hits="1" number="1414"/>
						<line hits="1" number="1415"/>
						<line hits="1" number="1425"/>
						<line hits="1" number="1426"/>
						<line branch="true" condition-coverage="100% (2/2)" hits="1" number="1434"/>
						<line branch="true" condition-coverage="100% (2/2)" hits="1" number="1437"/>
						<line hits="1" number="1438"/>
						<line hits="1" number="1456"/>
						<line hits="1" number="1462"/>
						<line hits="1" number="1463"/>
						<line hits="1" number="1464"/>
						<line hits="1" number="1465"/>
						<line hits="1" number="1466"/>
						<line hits="1" number="1467"/>
						<line hits="1" number="1468"/>
						<line hits="1" number="1470"/>
						<line hits="1" number="1473"/>
						<line hits="1" number="1495"/>
						<line branch="true" condition-coverage="100% (2/2)" hits="1" number="1496"/>
						<line hits="1" number="1497"/>
						<line hits="1" number="1499"/>
						<line hits="1" number="1500"/>
						<line hits="1" number="1501"/>
						<line hits="1" number="1503"/>
						<line hits="1" number="1504"/>
						<line hits="1" number="1505"/>
						<line hits="1" number="1506"/>
						<line hits="1" number="1507"/>
						<line hits="1" number="1509"/>
						<line hits="1" number="1512"/>
						<line hits="1" number="1524"/>
						<line branch="true" condition-coverage="50% (1/2)" hits="1" missing-branches="1527" number="1525"/>
						<line hits="1" number="1526"/>
						<line hits="0" number="1527"/>
						<line hits="0" number="1528"/>
						<line hits="0" number="1529"/>
						<line hits="1" number="1532"/>
						<line hits="1" number="1533"/>
						<line hits="1" number="1549"/>
						<line branch="true" condition-coverage="100% (2/2)" hits="1" number="1550"/>
						<line hits="1" number="1551"/>
						<line hits="1" number="1552"/>
						<line hits="1" number="1554"/>
						<line hits="1" number="1556"/>
						<line hits="1" number="1557"/>
						<line hits="0" number="1573"/>
						<line branch="true" condition-coverage="0% (0/2)" hits="0" missing-branches="1579,1581" number="1578"/>
						<line hits="0" number="1579"/>
						<line branch="true" condition-coverage="0% (0/2)" hits="0" missing-branches="exit,exit" number="1581"/>
						<line hits="1" number="1586"/>
						<line hits="1" number="1587"/>
						<line hits="0" number="1600"/>
						<line branch="true" condition-coverage="0% (0/2)" hits="0" missing-branches="1602,1603" number="1601"/>
						<line hits="0" number="1602"/>
						<line branch="true" condition-coverage="0% (0/2)" hits="0" missing-branches="exit,exit" number="1603"/>
						<line branch="true" condition-coverage="100% (2/2)" hits="1" number="1609"/>
						<line hits="1" number="1612"/>
						<line hits="1" number="1613"/>
						<line hits="1" number="1624"/>
						<line hits="1" number="1625"/>
						<line hits="1" number="1627"/>
						<line hits="1" number="1632"/>
						<line branch="true" condition-coverage="50% (1/2)" hits="1" missing-branches="1642" number="1633"/>
						<line hits="1" number="1634"/>
						<line branch="true" condition-coverage="50% (1/2)" hits="1" missing-branches="1637" number="1636"/>
						<line hits="0" number="1637"/>
						<line hits="0" number="1638"/>
						<line hits="0" number="1639"/>
						<line hits="0" number="1640"/>
						<line hits="0" number="1641"/>
						<line branch="true" condition-coverage="50% (1/2)" hits="1" missing-branches="1648" number="1642"/>
						<line hits="1" number="1643"/>
						<line hits="1" number="1648"/>
						<line hits="1" number="1650"/>
						<line hits="1" number="1654"/>
						<line hits="1" number="1656"/>
						<line hits="1" number="1665"/>
						<line hits="1" number="1666"/>
						<line branch="true" condition-coverage="100% (2/2)" hits="1" number="1668"/>
						<line hits="1" number="1669"/>
						<line hits="1" number="1670"/>
						<line hits="1" number="1671"/>
						<line hits="1" number="1673"/>
						<line branch="true" condition-coverage="100% (2/2)" hits="1" number="1681"/>
						<line hits="1" number="1682"/>
						<line branch="true" condition-coverage="100% (2/2)" hits="1" number="1683"/>
						<line branch="true" condition-coverage="100% (2/2)" hits="1" number="1684"/>
						<line branch="true" condition-coverage="50% (1/2)" hits="1" missing-branches="1686" number="1685"/>
						<line hits="0" number="1686"/>
						<line hits="1" number="1688"/>
						<line hits="1" number="1695"/>
						<line hits="1" number="1696"/>
						<line branch="true" condition-coverage="100% (2/2)" hits="1" number="1697"/>
						<line hits="1" number="1698"/>
						<line hits="0" number="1700"/>
						<line hits="1" number="1702"/>
						<line hits="1" number="1704"/>
						<line hits="1" number="1706"/>
						<line branch="true" condition-coverage="100% (2/2)" hits="1" number="1709"/>
						<line hits="1" number="1710"/>
						<line hits="1" number="1712"/>
						<line branch="true" condition-coverage="100% (2/2)" hits="1" number="1715"/>
						<line hits="1" number="1718"/>
						<line hits="1" number="1719"/>
						<line hits="1" number="1748"/>
						<line hits="1" number="1749"/>
						<line hits="1" number="1751"/>
						<line hits="1" number="1758"/>
						<line hits="1" number="1764"/>
						<line hits="1" number="1766"/>
						<line hits="1" number="1770"/>
						<line hits="1" number="1772"/>
						<line hits="1" number="1773"/>
						<line hits="1" number="1782"/>
						<line hits="1" number="1783"/>
						<line branch="true" condition-coverage="100% (2/2)" hits="1" number="1784"/>
						<line hits="1" number="1785"/>
						<line hits="1" number="1786"/>
						<line hits="1" number="1787"/>
						<line hits="1" number="1788"/>
						<line hits="1" number="1790"/>
						<line hits="1" number="1791"/>
						<line branch="true" condition-coverage="100% (2/2)" hits="1" number="1797"/>
						<line branch="true" condition-coverage="50% (1/2)" hits="1" missing-branches="1799" number="1798"/>
						<line hits="0" number="1799"/>
						<line hits="1" number="1801"/>
						<line hits="1" number="1802"/>
						<line hits="0" number="1808"/>
						<line branch="true" condition-coverage="0% (0/2)" hits="0" missing-branches="1812,1814" number="1809"/>
						<line hits="0" number="1812"/>
						<line branch="true" condition-coverage="0% (0/2)" hits="0" missing-branches="exit,1815" number="1814"/>
						<line branch="true" condition-coverage="0% (0/2)" hits="0" missing-branches="exit,1816" number="1815"/>
						<line hits="0" number="1816"/>
						<line hits="1" number="1818"/>
						<line hits="1" number="1819"/>
						<line hits="1" number="1826"/>
						<line hits="1" number="1827"/>
						<line branch="true" condition-coverage="100% (2/2)" hits="1" number="1828"/>
						<line hits="1" number="1829"/>
						<line branch="true" condition-coverage="100% (2/2)" hits="1" number="1831"/>
						<line hits="1" number="1833"/>
						<line hits="1" number="1834"/>
						<line hits="1" number="1841"/>
						<line hits="1" number="1842"/>
						<line branch="true" condition-coverage="100% (2/2)" hits="1" number="1843"/>
						<line hits="1" number="1844"/>
						<line hits="1" number="1845"/>
						<line hits="1" number="1847"/>
						<line hits="1" number="1854"/>
						<line hits="1" number="1856"/>
						<line branch="true" condition-coverage="100% (2/2)" hits="1" number="1857"/>
						<line hits="1" number="1859"/>
						<line hits="1" number="1864"/>
						<line hits="1" number="1866"/>
						<line hits="1" number="1873"/>
						<line hits="1" number="1874"/>
						<line hits="1" number="1876"/>
						<line hits="1" number="1878"/>
						<line hits="1" number="1884"/>
						<line hits="1" number="1885"/>
						<line hits="1" number="1887"/>
						<line branch="true" condition-coverage="100% (2/2)" hits="1" number="1913"/>
						<line hits="1" number="1914"/>
						<line hits="1" number="1916"/>
						<line hits="1" number="1917"/>
						<line hits="1" number="1924"/>
						<line hits="1" number="1925"/>
						<line hits="1" number="1927"/>
						<line hits="1" number="1929"/>
						<line hits="1" number="1933"/>
						<line hits="1" number="1935"/>
						<line branch="true" condition-coverage="100% (2/2)" hits="1" number="1956"/>
						<line hits="1" number="1957"/>
						<line hits="1" number="1959"/>
						<line hits="1" number="1960"/>
						<line branch="true" condition-coverage="100% (2/2)" hits="1" number="1965"/>
						<line hits="1" number="1966"/>
						<line hits="1" number="1968"/>
						<line hits="1" number="1969"/>
						<line hits="1" number="1971"/>
						<line hits="1" number="1975"/>
						<line hits="1" number="1977"/>
						<line branch="true" condition-coverage="100% (2/2)" hits="1" number="1991"/>
						<line hits="1" number="1992"/>
						<line hits="1" number="1994"/>
						<line hits="1" number="1996"/>
						<line hits="1" number="1997"/>
						<line hits="1" number="2002"/>
						<line hits="1" number="2004"/>
						<line hits="1" number="2006"/>
						<line hits="1" number="2010"/>
						<line hits="1" number="2012"/>
						<line branch="true" condition-coverage="100% (2/2)" hits="1" number="2015"/>
						<line hits="1" number="2016"/>
						<line hits="1" number="2018"/>
						<line branch="true" condition-coverage="100% (2/2)" hits="1" number="2021"/>
						<line hits="1" number="2024"/>
						<line hits="1" number="2025"/>
						<line hits="1" number="2054"/>
						<line hits="1" number="2055"/>
						<line hits="1" number="2064"/>
						<line hits="1" number="2068"/>
						<line hits="1" number="2074"/>
						<line hits="1" number="2076"/>
						<line hits="1" number="2077"/>
						<line hits="1" number="2086"/>
						<line hits="1" number="2087"/>
						<line branch="true" condition-coverage="100% (2/2)" hits="1" number="2088"/>
						<line hits="1" number="2089"/>
						<line hits="1" number="2090"/>
						<line hits="1" number="2091"/>
						<line hits="1" number="2093"/>
						<line hits="1" number="2094"/>
						<line hits="1" number="2101"/>
						<line hits="1" number="2102"/>
						<line branch="true" condition-coverage="50% (1/2)" hits="1" missing-branches="2106" number="2103"/>
						<line hits="1" number="2104"/>
						<line branch="true" condition-coverage="50% (1/2)" hits="1" missing-branches="exit" number="2106"/>
						<line hits="1" number="2108"/>
						<line hits="1" number="2114"/>
						<line hits="1" number="2115"/>
						<line hits="1" number="2117"/>
						<line hits="1" number="2123"/>
						<line hits="1" number="2124"/>
						<line hits="1" number="2125"/>
						<line hits="1" number="2127"/>
						<line hits="1" number="2129"/>
						<line branch="true" condition-coverage="100% (2/2)" hits="1" number="2155"/>
						<line hits="1" number="2156"/>
						<line hits="1" number="2158"/>
						<line hits="1" number="2159"/>
						<line hits="1" number="2164"/>
						<line hits="1" number="2166"/>
						<line hits="1" number="2167"/>
						<line hits="1" number="2169"/>
						<line hits="1" number="2171"/>
						<line hits="1" number="2175"/>
						<line hits="1" number="2177"/>
						<line branch="true" condition-coverage="100% (2/2)" hits="1" number="2198"/>
						<line hits="1" number="2199"/>
						<line hits="1" number="2201"/>
						<line hits="1" number="2202"/>
						<line branch="true" condition-coverage="100% (2/2)" hits="1" number="2207"/>
						<line hits="1" number="2208"/>
						<line hits="1" number="2210"/>
						<line hits="1" number="2211"/>
						<line hits="1" number="2213"/>
						<line hits="1" number="2217"/>
						<line hits="1" number="2219"/>
						<line branch="true" condition-coverage="100% (2/2)" hits="1" number="2233"/>
						<line hits="1" number="2234"/>
						<line hits="1" number="2236"/>
						<line hits="1" number="2238"/>
						<line hits="1" number="2239"/>
						<line hits="1" number="2244"/>
						<line hits="1" number="2246"/>
						<line hits="1" number="2248"/>
						<line hits="1" number="2252"/>
						<line hits="1" number="2254"/>
						<line branch="true" condition-coverage="100% (2/2)" hits="1" number="2257"/>
						<line hits="1" number="2258"/>
						<line hits="1" number="2260"/>
						<line branch="true" condition-coverage="100% (2/2)" hits="1" number="2263"/>
						<line hits="1" number="2266"/>
						<line hits="1" number="2268"/>
						<line branch="true" condition-coverage="100% (2/2)" hits="1" number="2271"/>
						<line hits="1" number="2274"/>
						<line hits="1" number="2275"/>
						<line hits="1" number="2280"/>
						<line hits="1" number="2281"/>
						<line branch="true" condition-coverage="100% (2/2)" hits="1" number="2282"/>
						<line hits="1" number="2283"/>
						<line branch="true" condition-coverage="100% (3/3)" hits="1" number="2286"/>
						<line hits="1" number="2287"/>
						<line hits="1" number="2290"/>
						<line branch="true" condition-coverage="100% (2/2)" hits="1" number="2291"/>
						<line hits="1" number="2292"/>
						<line branch="true" condition-coverage="100% (2/2)" hits="1" number="2294"/>
						<line hits="1" number="2296"/>
						<line hits="1" number="2299"/>
						<line hits="1" number="2301"/>
						<line hits="1" number="2302"/>
						<line branch="true" condition-coverage="100% (3/3)" hits="1" number="2303"/>
						<line hits="1" number="2304"/>
						<line hits="1" number="2305"/>
						<line branch="true" condition-coverage="50% (1/2)" hits="1" missing-branches="2308" number="2306"/>
						<line branch="true" condition-coverage="100% (2/2)" hits="1" number="2307"/>
						<line hits="0" number="2308"/>
						<line hits="1" number="2310"/>
						<line branch="true" condition-coverage="100% (2/2)" hits="1" number="2312"/>
						<line branch="true" condition-coverage="100% (2/2)" hits="1" number="2313"/>
						<line branch="true" condition-coverage="100% (2/2)" hits="1" number="2314"/>
						<line hits="1" number="2316"/>
						<line branch="true" condition-coverage="50% (1/2)" hits="1" missing-branches="2319" number="2318"/>
						<line hits="0" number="2319"/>
						<line branch="true" condition-coverage="100% (2/2)" hits="1" number="2321"/>
						<line hits="1" number="2331"/>
						<line hits="1" number="2332"/>
						<line hits="1" number="2334"/>
						<line branch="true" condition-coverage="100% (2/2)" hits="1" number="2335"/>
						<line hits="1" number="2336"/>
						<line hits="1" number="2338"/>
						<line hits="1" number="2339"/>
						<line branch="true" condition-coverage="100% (2/2)" hits="1" number="2341"/>
						<line hits="1" number="2342"/>
						<line hits="1" number="2343"/>
						<line branch="true" condition-coverage="50% (1/2)" hits="1" missing-branches="2347" number="2345"/>
						<line hits="0" number="2347"/>
						<line hits="0" number="2348"/>
						<line hits="0" number="2349"/>
						<line hits="0" number="2350"/>
						<line branch="true" condition-coverage="0% (0/2)" hits="0" missing-branches="2354,2355" number="2353"/>
						<line hits="0" number="2354"/>
						<line hits="0" number="2355"/>
						<line hits="0" number="2356"/>
						<line hits="0" number="2358"/>
						<line hits="1" number="2361"/>
						<line hits="1" number="2368"/>
						<line hits="1" number="2369"/>
						<line hits="1" number="2370"/>
						<line hits="1" number="2373"/>
						<line branch="true" condition-coverage="100% (2/2)" hits="1" number="2374"/>
						<line hits="1" number="2375"/>
						<line branch="true" condition-coverage="50% (1/2)" hits="1" missing-branches="2377" number="2376"/>
						<line hits="0" number="2377"/>
						<line hits="1" number="2378"/>
						<line branch="true" condition-coverage="100% (2/2)" hits="1" number="2381"/>
						<line hits="1" number="2384"/>
						<line hits="1" number="2386"/>
						<line hits="1" number="2387"/>
						<line hits="1" number="2389"/>
						<line hits="0" number="2391"/>
						<line hits="1" number="2393"/>
						<line hits="0" number="2395"/>
						<line hits="0" number="2396"/>
						<line hits="1" number="2398"/>
						<line hits="1" number="2402"/>
						<line hits="0" number="2404"/>
						<line hits="1" number="2406"/>
						<line hits="1" number="2411"/>
						<line hits="1" number="2413"/>
						<line hits="0" number="2418"/>
						<line hits="0" number="2419"/>
						<line hits="0" number="2420"/>
						<line hits="0" number="2421"/>
						<line hits="0" number="2422"/>
						<line branch="true" condition-coverage="100% (2/2)" hits="1" number="2425"/>
						<line hits="1" number="2428"/>
						<line hits="1" number="2430"/>
						<line hits="1" number="2431"/>
						<line hits="1" number="2440"/>
						<line hits="1" number="2442"/>
						<line hits="1" number="2443"/>
						<line branch="true" condition-coverage="50% (1/2)" hits="1" missing-branches="2447" number="2444"/>
						<line hits="1" number="2445"/>
						<line branch="true" condition-coverage="100% (2/2)" hits="1" number="2447"/>
						<line hits="1" number="2449"/>
						<line hits="1" number="2452"/>
						<line hits="1" number="2453"/>
						<line hits="1" number="2455"/>
						<line hits="1" number="2458"/>
						<line branch="true" condition-coverage="100% (2/2)" hits="1" number="2464"/>
						<line hits="1" number="2467"/>
						<line hits="1" number="2475"/>
						<line hits="1" number="2476"/>
						<line hits="1" number="2477"/>
						<line branch="true" condition-coverage="100% (2/2)" hits="1" number="2479"/>
						<line hits="1" number="2480"/>
						<line hits="1" number="2481"/>
						<line branch="true" condition-coverage="100% (2/2)" hits="1" number="2482"/>
						<line hits="1" number="2483"/>
						<line hits="1" number="2484"/>
						<line branch="true" condition-coverage="100% (2/2)" hits="1" number="2485"/>
						<line hits="1" number="2486"/>
						<line branch="true" condition-coverage="50% (1/2)" hits="1" missing-branches="2482" number="2487"/>
						<line hits="1" number="2488"/>
						<line hits="1" number="2489"/>
						<line hits="1" number="2495"/>
						<line hits="1" number="2497"/>
						<line hits="1" number="2498"/>
						<line branch="true" condition-coverage="100% (2/2)" hits="1" number="2499"/>
						<line hits="1" number="2500"/>
						<line hits="1" number="2501"/>
						<line branch="true" condition-coverage="100% (2/2)" hits="1" number="2502"/>
						<line hits="1" number="2503"/>
						<line branch="true" condition-coverage="50% (1/2)" hits="1" missing-branches="2499" number="2504"/>
						<line hits="1" number="2505"/>
						<line hits="1" number="2506"/>
						<line hits="1" number="2507"/>
						<line hits="1" number="2508"/>
						<line hits="1" number="2510"/>
						<line branch="true" condition-coverage="100% (2/2)" hits="1" number="2517"/>
						<line hits="1" number="2518"/>
						<line hits="1" number="2520"/>
						<line hits="1" number="2528"/>
						<line hits="1" number="2529"/>
						<line hits="1" number="2530"/>
						<line branch="true" condition-coverage="100% (2/2)" hits="1" number="2532"/>
						<line hits="1" number="2533"/>
						<line hits="1" number="2534"/>
						<line branch="true" condition-coverage="100% (2/2)" hits="1" number="2535"/>
						<line hits="1" number="2536"/>
						<line branch="true" condition-coverage="100% (2/2)" hits="1" number="2537"/>
						<line hits="1" number="2538"/>
						<line branch="true" condition-coverage="100% (2/2)" hits="1" number="2539"/>
						<line hits="1" number="2540"/>
						<line branch="true" condition-coverage="100% (2/2)" hits="1" number="2541"/>
						<line branch="true" condition-coverage="100% (2/2)" hits="1" number="2542"/>
						<line hits="1" number="2543"/>
						<line hits="1" number="2544"/>
						<line branch="true" condition-coverage="50% (1/2)" hits="1" missing-branches="2546" number="2545"/>
						<line branch="true" condition-coverage="0% (0/2)" hits="0" missing-branches="2542,2547" number="2546"/>
						<line hits="0" number="2547"/>
						<line branch="true" condition-coverage="0% (0/2)" hits="0" missing-branches="2542,2549" number="2548"/>
						<line hits="0" number="2549"/>
						<line branch="true" condition-coverage="50% (1/2)" hits="1" missing-branches="2542" number="2551"/>
						<line hits="1" number="2552"/>
						<line hits="1" number="2553"/>
						<line hits="1" number="2555"/>
						<line hits="0" number="2556"/>
						<line hits="0" number="2557"/>
						<line hits="0" number="2558"/>
						<line hits="1" number="2560"/>
						<line hits="1" number="2561"/>
						<line hits="1" number="2563"/>
						<line hits="1" number="2564"/>
						<line hits="1" number="2567"/>
						<line branch="true" condition-coverage="100% (2/2)" hits="1" number="2578"/>
						<line hits="1" number="2579"/>
						<line hits="1" number="2580"/>
						<line branch="true" condition-coverage="100% (2/2)" hits="1" number="2583"/>
						<line hits="1" number="2584"/>
						<line hits="1" number="2585"/>
						<line hits="1" number="2586"/>
						<line branch="true" condition-coverage="100% (2/2)" hits="1" number="2587"/>
						<line branch="true" condition-coverage="50% (1/2)" hits="1" missing-branches="2589" number="2588"/>
						<line hits="0" number="2589"/>
						<line hits="1" number="2591"/>
						<line branch="true" condition-coverage="100% (2/2)" hits="1" number="2593"/>
						<line branch="true" condition-coverage="100% (2/2)" hits="1" number="2594"/>
						<line hits="1" number="2595"/>
						<line branch="true" condition-coverage="100% (2/2)" hits="1" number="2596"/>
						<line hits="1" number="2597"/>
						<line branch="true" condition-coverage="100% (2/2)" hits="1" number="2598"/>
						<line hits="1" number="2599"/>
						<line hits="1" number="2601"/>
						<line branch="true" condition-coverage="100% (2/2)" hits="1" number="2602"/>
						<line branch="true" condition-coverage="50% (1/2)" hits="1" missing-branches="2602" number="2603"/>
						<line hits="1" number="2604"/>
						<line hits="1" number="2608"/>
						<line branch="true" condition-coverage="100% (2/2)" hits="1" number="2610"/>
						<line branch="true" condition-coverage="50% (1/2)" hits="1" missing-branches="2610" number="2611"/>
						<line branch="true" condition-coverage="100% (2/2)" hits="1" number="2612"/>
						<line hits="1" number="2613"/>
						<line hits="1" number="2618"/>
						<line hits="1" number="2620"/>
						<line hits="1" number="2622"/>
						<line hits="1" number="2629"/>
						<line hits="1" number="2630"/>
						<line hits="1" number="2631"/>
						<line hits="1" number="2632"/>
						<line hits="1" number="2633"/>
						<line hits="1" number="2634"/>
						<line hits="1" number="2635"/>
						<line hits="1" number="2637"/>
						<line hits="1" number="2644"/>
						<line hits="1" number="2645"/>
						<line hits="1" number="2647"/>
						<line branch="true" condition-coverage="100% (2/2)" hits="1" number="2653"/>
						<line hits="1" number="2654"/>
						<line branch="true" condition-coverage="100% (2/2)" hits="1" number="2657"/>
						<line hits="1" number="2660"/>
						<line hits="1" number="2668"/>
						<line hits="1" number="2669"/>
						<line hits="1" number="2670"/>
						<line branch="true" condition-coverage="100% (2/2)" hits="1" number="2672"/>
						<line hits="1" number="2673"/>
						<line hits="1" number="2677"/>
						<line hits="1" number="2679"/>
						<line hits="1" number="2680"/>
						<line hits="1" number="2681"/>
						<line hits="1" number="2682"/>
						<line hits="1" number="2683"/>
						<line hits="1" number="2684"/>
						<line hits="1" number="2685"/>
						<line hits="1" number="2687"/>
						<line branch="true" condition-coverage="100% (2/2)" hits="1" number="2694"/>
						<line hits="1" number="2695"/>
						<line hits="1" number="2697"/>
						<line hits="1" number="2705"/>
						<line hits="1" number="2706"/>
						<line hits="1" number="2707"/>
						<line branch="true" condition-coverage="100% (2/2)" hits="1" number="2709"/>
						<line hits="1" number="2710"/>
						<line hits="1" number="2712"/>
						<line hits="1" number="2713"/>
						<line hits="1" number="2714"/>
						<line hits="1" number="2716"/>
						<line hits="1" number="2722"/>
						<line hits="1" number="2723"/>
						<line hits="1" number="2724"/>
						<line branch="true" condition-coverage="100% (2/2)" hits="1" number="2726"/>
						<line hits="1" number="2727"/>
						<line hits="1" number="2729"/>
						<line hits="1" number="2730"/>
						<line hits="1" number="2731"/>
						<line hits="1" number="2733"/>
						<line hits="1" number="2740"/>
						<line hits="1" number="2741"/>
						<line hits="1" number="2742"/>
						<line hits="1" number="2743"/>
						<line hits="1" number="2744"/>
						<line hits="1" number="2745"/>
						<line hits="1" number="2746"/>
						<line hits="1" number="2748"/>
						<line hits="1" number="2755"/>
						<line hits="1" number="2756"/>
						<line hits="1" number="2758"/>
						<line branch="true" condition-coverage="100% (2/2)" hits="1" number="2764"/>
						<line hits="1" number="2765"/>
						<line branch="true" condition-coverage="100% (2/2)" hits="1" number="2767"/>
						<line hits="1" number="2770"/>
						<line hits="1" number="2772"/>
						<line hits="1" number="2774"/>
						<line hits="1" number="2776"/>
						<line hits="1" number="2789"/>
						<line hits="1" number="2791"/>
						<line hits="1" number="2792"/>
						<line branch="true" condition-coverage="100% (2/2)" hits="1" number="2794"/>
						<line hits="1" number="2795"/>
						<line hits="1" number="2796"/>
						<line hits="1" number="2802"/>
						<line hits="1" number="2804"/>
						<line hits="0" number="2811"/>
						<line hits="0" number="2812"/>
						<line hits="0" number="2813"/>
						<line branch="true" condition-coverage="0% (0/2)" hits="0" missing-branches="2815,2825" number="2814"/>
						<line hits="0" number="2815"/>
						<line branch="true" condition-coverage="0% (0/2)" hits="0" missing-branches="2814,2821" number="2817"/>
						<line hits="0" number="2821"/>
						<line hits="0" number="2822"/>
						<line hits="0" number="2823"/>
						<line hits="0" number="2824"/>
						<line hits="0" number="2825"/>
						<line hits="1" number="2827"/>
						<line hits="0" number="2834"/>
						<line hits="0" number="2835"/>
						<line hits="0" number="2837"/>
						<line hits="0" number="2838"/>
						<line branch="true" condition-coverage="0% (0/2)" hits="0" missing-branches="2840,2850" number="2839"/>
						<line hits="0" number="2840"/>
						<line branch="true" condition-coverage="0% (0/2)" hits="0" missing-branches="2842,2850" number="2841"/>
						<line branch="true" condition-coverage="0% (0/2)" hits="0" missing-branches="2843,2850" number="2842"/>
						<line hits="0" number="2843"/>
						<line branch="true" condition-coverage="0% (0/2)" hits="0" missing-branches="2845,2846" number="2844"/>
						<line hits="0" number="2845"/>
						<line branch="true" condition-coverage="0% (0/2)" hits="0" missing-branches="2847,2848" number="2846"/>
						<line hits="0" number="2847"/>
						<line branch="true" condition-coverage="0% (0/2)" hits="0" missing-branches="2842,2849" number="2848"/>
						<line hits="0" number="2849"/>
						<line hits="0" number="2850"/>
						<line hits="1" number="2852"/>
						<line hits="1" number="2859"/>
						<line hits="1" number="2860"/>
						<line hits="1" number="2862"/>
						<line hits="1" number="2863"/>
						<line hits="1" number="2864"/>
						<line branch="true" condition-coverage="0% (0/2)" hits="0" missing-branches="2866,2874" number="2865"/>
						<line hits="0" number="2866"/>
						<line hits="0" number="2867"/>
						<line hits="0" number="2868"/>
						<line branch="true" condition-coverage="0% (0/2)" hits="0" missing-branches="2870,2872" number="2869"/>
						<line hits="0" number="2870"/>
						<line hits="0" number="2872"/>
						<line hits="0" number="2874"/>
						<line branch="true" condition-coverage="0% (0/2)" hits="0" missing-branches="2877,2878" number="2876"/>
						<line hits="0" number="2877"/>
						<line branch="true" condition-coverage="0% (0/2)" hits="0" missing-branches="2879,2881" number="2878"/>
						<line hits="0" number="2879"/>
						<line hits="0" number="2881"/>
						<line hits="0" number="2882"/>
						<line hits="1" number="2884"/>
						<line hits="1" number="2885"/>
						<line branch="true" condition-coverage="50% (1/2)" hits="1" missing-branches="2895" number="2887"/>
						<line hits="1" number="2888"/>
						<line hits="0" number="2889"/>
						<line hits="0" number="2895"/>
						<line hits="1" number="2897"/>
						<line hits="1" number="2911"/>
						<line hits="1" number="2912"/>
						<line hits="1" number="2914"/>
						<line hits="1" number="2916"/>
						<line hits="1" number="2918"/>
						<line branch="true" condition-coverage="100% (2/2)" hits="1" number="2920"/>
						<line branch="true" condition-coverage="100% (2/2)" hits="1" number="2921"/>
						<line hits="1" number="2926"/>
						<line hits="1" number="2927"/>
						<line hits="1" number="2928"/>
						<line hits="1" number="2929"/>
						<line hits="1" number="2931"/>
						<line branch="true" condition-coverage="100% (2/2)" hits="1" number="2932"/>
						<line hits="1" number="2933"/>
						<line branch="true" condition-coverage="100% (2/2)" hits="1" number="2934"/>
						<line hits="1" number="2935"/>
						<line hits="1" number="2936"/>
						<line hits="1" number="2938"/>
						<line branch="true" condition-coverage="100% (2/2)" hits="1" number="2943"/>
						<line hits="1" number="2944"/>
						<line branch="true" condition-coverage="100% (2/2)" hits="1" number="2945"/>
						<line hits="1" number="2946"/>
						<line hits="1" number="2948"/>
						<line branch="true" condition-coverage="100% (2/2)" hits="1" number="2951"/>
						<line hits="1" number="2952"/>
						<line hits="1" number="2956"/>
						<line branch="true" condition-coverage="100% (2/2)" hits="1" number="2959"/>
						<line hits="1" number="2960"/>
						<line hits="1" number="2961"/>
						<line branch="true" condition-coverage="100% (2/2)" hits="1" number="2962"/>
						<line hits="1" number="2963"/>
						<line branch="true" condition-coverage="100% (2/2)" hits="1" number="2968"/>
						<line branch="true" condition-coverage="100% (2/2)" hits="1" number="2969"/>
						<line hits="1" number="2971"/>
						<line hits="1" number="2973"/>
						<line branch="true" condition-coverage="100% (2/2)" hits="1" number="2975"/>
						<line branch="true" condition-coverage="100% (2/2)" hits="1" number="2989"/>
						<line hits="1" number="2990"/>
						<line hits="1" number="2994"/>
						<line branch="true" condition-coverage="100% (2/2)" hits="1" number="2995"/>
						<line hits="1" number="2996"/>
						<line branch="true" condition-coverage="100% (2/2)" hits="1" number="3001"/>
						<line hits="1" number="3010"/>
						<line hits="1" number="3012"/>
						<line branch="true" condition-coverage="100% (2/2)" hits="1" number="3014"/>
						<line hits="1" number="3015"/>
						<line branch="true" condition-coverage="100% (2/2)" hits="1" number="3017"/>
						<line hits="1" number="3018"/>
						<line branch="true" condition-coverage="100% (2/2)" hits="1" number="3020"/>
						<line hits="1" number="3021"/>
						<line hits="1" number="3024"/>
						<line branch="true" condition-coverage="100% (2/2)" hits="1" number="3025"/>
						<line hits="1" number="3026"/>
						<line branch="true" condition-coverage="100% (2/2)" hits="1" number="3030"/>
						<line hits="1" number="3031"/>
						<line branch="true" condition-coverage="100% (2/2)" hits="1" number="3035"/>
						<line hits="1" number="3036"/>
						<line branch="true" condition-coverage="100% (2/2)" hits="1" number="3040"/>
						<line hits="1" number="3042"/>
						<line hits="1" number="3043"/>
						<line hits="1" number="3044"/>
						<line hits="1" number="3045"/>
						<line hits="1" number="3046"/>
						<line hits="1" number="3050"/>
						<line hits="1" number="3051"/>
						<line hits="1" number="3053"/>
						<line hits="1" number="3054"/>
						<line hits="1" number="3055"/>
						<line hits="1" number="3056"/>
						<line hits="1" number="3057"/>
						<line hits="1" number="3061"/>
						<line hits="1" number="3063"/>
						<line hits="1" number="3066"/>
						<line branch="true" condition-coverage="100% (2/2)" hits="1" number="3074"/>
						<line hits="1" number="3082"/>
						<line hits="1" number="3084"/>
						<line branch="true" condition-coverage="100% (2/2)" hits="1" number="3092"/>
						<line hits="1" number="3093"/>
						<line hits="1" number="3099"/>
						<line branch="true" condition-coverage="100% (2/2)" hits="1" number="3106"/>
						<line hits="1" number="3107"/>
					</lines>
				</class>
				<class name="config.py" filename="config.py" complexity="0" line-rate="1" branch-rate="1">
					<methods/>
					<lines>
						<line hits="1" number="21"/>
						<line hits="1" number="23"/>
						<line hits="1" number="26"/>
						<line hits="1" number="29"/>
						<line hits="1" number="32"/>
						<line hits="1" number="35"/>
						<line hits="1" number="38"/>
						<line hits="1" number="41"/>
						<line hits="1" number="44"/>
						<line hits="1" number="47"/>
						<line hits="1" number="50"/>
						<line hits="1" number="53"/>
						<line hits="1" number="55"/>
						<line hits="1" number="60"/>
						<line hits="1" number="72"/>
						<line hits="1" number="79"/>
						<line hits="1" number="83"/>
						<line hits="1" number="86"/>
						<line hits="1" number="89"/>
						<line hits="1" number="92"/>
						<line hits="1" number="95"/>
						<line hits="1" number="100"/>
						<line hits="1" number="105"/>
						<line hits="1" number="184"/>
						<line hits="1" number="257"/>
						<line hits="1" number="259"/>
						<line hits="1" number="262"/>
						<line hits="1" number="268"/>
					</lines>
				</class>
				<class branch-rate="1" complexity="0" filename="errors.py" line-rate="1" name="errors.py">
					<methods/>
					<lines>
						<line hits="1" number="25"/>
						<line hits="1" number="26"/>
						<line branch="true" condition-coverage="100% (2/2)" hits="1" number="29"/>
						<line hits="1" number="32"/>
						<line hits="1" number="33"/>
						<line branch="true" condition-coverage="100% (2/2)" hits="1" number="35"/>
						<line hits="1" number="38"/>
						<line hits="1" number="39"/>
						<line branch="true" condition-coverage="100% (2/2)" hits="1" number="41"/>
						<line hits="1" number="44"/>
						<line hits="1" number="45"/>
					</lines>
				</class>
				<class branch-rate="0.6667" complexity="0" filename="ext.py" line-rate="0.6552" name="ext.py">
					<methods/>
					<lines>
						<line hits="1" number="21"/>
						<line hits="1" number="23"/>
						<line branch="true" condition-coverage="100% (2/2)" hits="1" number="26"/>
						<line hits="1" number="29"/>
						<line branch="true" condition-coverage="100% (2/2)" hits="1" number="34"/>
						<line hits="1" number="35"/>
						<line hits="1" number="37"/>
						<line hits="1" number="42"/>
						<line hits="1" number="43"/>
						<line hits="1" number="45"/>
						<line branch="true" condition-coverage="100% (2/2)" hits="1" number="51"/>
						<line hits="1" number="52"/>
						<line branch="true" condition-coverage="100% (2/2)" hits="1" number="56"/>
						<line branch="true" condition-coverage="100% (2/2)" hits="1" number="57"/>
						<line hits="1" number="58"/>
						<line branch="true" condition-coverage="100% (2/2)" hits="1" number="60"/>
						<line hits="1" number="63"/>
						<line branch="true" condition-coverage="0% (0/2)" hits="0" missing-branches="exit,69" number="68"/>
						<line hits="0" number="69"/>
						<line hits="1" number="71"/>
						<line hits="0" number="79"/>
						<line hits="0" number="80"/>
						<line hits="0" number="81"/>
						<line hits="0" number="84"/>
						<line hits="0" number="85"/>
						<line hits="1" number="87"/>
						<line branch="true" condition-coverage="0% (0/2)" hits="0" missing-branches="exit,93" number="92"/>
						<line branch="true" condition-coverage="0% (0/2)" hits="0" missing-branches="92,94" number="93"/>
						<line hits="0" number="94"/>
					</lines>
				</class>
				<class name="ext.py" filename="ext.py" complexity="0" line-rate="1" branch-rate="1">
					<methods/>
					<lines>
						<line number="23" hits="1"/>
						<line number="26" hits="1"/>
						<line number="29" hits="1"/>
						<line number="34" hits="1" branch="true" condition-coverage="100% (2/2)"/>
						<line number="35" hits="1"/>
						<line number="37" hits="1"/>
						<line number="42" hits="1"/>
						<line number="43" hits="1"/>
						<line number="45" hits="1"/>
						<line number="51" hits="1" branch="true" condition-coverage="100% (2/2)"/>
						<line number="52" hits="1"/>
						<line number="56" hits="1" branch="true" condition-coverage="100% (2/2)"/>
						<line number="57" hits="1" branch="true" condition-coverage="100% (2/2)"/>
						<line number="58" hits="1"/>
					</lines>
				</class>
				<class branch-rate="0.8378" complexity="0" filename="models.py" line-rate="0.9939" name="models.py">
					<methods/>
					<lines>
						<line hits="1" number="8"/>
						<line hits="1" number="10"/>
						<line hits="1" number="11"/>
						<line hits="1" number="13"/>
						<line hits="1" number="14"/>
						<line hits="1" number="15"/>
						<line hits="1" number="16"/>
						<line hits="1" number="17"/>
						<line hits="1" number="18"/>
						<line branch="true" condition-coverage="100% (2/2)" hits="1" number="21"/>
						<line hits="1" number="28"/>
						<line hits="1" number="33"/>
						<line hits="1" number="40"/>
						<line hits="1" number="43"/>
						<line branch="true" condition-coverage="100% (2/2)" hits="1" number="46"/>
						<line hits="1" number="54"/>
						<line hits="1" number="56"/>
						<line hits="1" number="58"/>
						<line hits="1" number="65"/>
						<line hits="1" number="75"/>
						<line hits="1" number="82"/>
						<line branch="true" condition-coverage="50% (1/2)" hits="1" missing-branches="exit" number="86"/>
						<line branch="true" condition-coverage="100% (2/2)" hits="1" number="105"/>
						<line branch="true" condition-coverage="100% (2/2)" hits="1" number="125"/>
						<line hits="1" number="144"/>
						<line hits="1" number="147"/>
						<line hits="1" number="150"/>
						<line hits="1" number="155"/>
						<line hits="1" number="162"/>
						<line hits="1" number="166"/>
						<line hits="1" number="169"/>
						<line branch="true" condition-coverage="100% (2/2)" hits="1" number="172"/>
						<line hits="1" number="179"/>
						<line hits="1" number="181"/>
						<line hits="1" number="188"/>
						<line hits="1" number="195"/>
						<line branch="true" condition-coverage="50% (1/2)" hits="1" missing-branches="exit" number="202"/>
						<line hits="1" number="218"/>
						<line hits="1" number="219"/>
						<line hits="1" number="221"/>
						<line branch="true" condition-coverage="100% (2/2)" hits="1" number="224"/>
						<line hits="1" number="231"/>
						<line hits="1" number="233"/>
						<line hits="1" number="240"/>
						<line hits="1" number="247"/>
						<line hits="1" number="253"/>
						<line hits="1" number="257"/>
						<line hits="1" number="262"/>
						<line branch="true" condition-coverage="100% (2/2)" hits="1" number="265"/>
						<line hits="1" number="273"/>
						<line hits="1" number="275"/>
						<line hits="1" number="277"/>
						<line hits="1" number="284"/>
						<line branch="true" condition-coverage="50% (1/2)" hits="1" missing-branches="exit" number="287"/>
						<line hits="1" number="307"/>
						<line hits="1" number="310"/>
						<line branch="true" condition-coverage="100% (2/2)" hits="1" number="315"/>
						<line hits="1" number="336"/>
						<line hits="1" number="338"/>
						<line hits="1" number="340"/>
						<line hits="1" number="348"/>
						<line branch="true" condition-coverage="50% (1/2)" hits="1" missing-branches="exit" number="351"/>
						<line hits="1" number="367"/>
						<line hits="1" number="375"/>
						<line hits="1" number="382"/>
						<line hits="1" number="385"/>
						<line hits="1" number="391"/>
						<line branch="true" condition-coverage="100% (2/2)" hits="1" number="396"/>
						<line hits="1" number="404"/>
						<line hits="1" number="406"/>
						<line hits="1" number="408"/>
						<line hits="1" number="415"/>
						<line branch="true" condition-coverage="50% (1/2)" hits="1" missing-branches="exit" number="418"/>
						<line hits="1" number="439"/>
						<line hits="1" number="442"/>
						<line branch="true" condition-coverage="100% (2/2)" hits="1" number="447"/>
						<line hits="1" number="455"/>
						<line hits="1" number="457"/>
						<line hits="1" number="459"/>
						<line hits="1" number="465"/>
						<line hits="1" number="475"/>
						<line branch="true" condition-coverage="50% (1/2)" hits="1" missing-branches="exit" number="480"/>
						<line hits="1" number="501"/>
						<line hits="1" number="504"/>
						<line branch="true" condition-coverage="100% (2/2)" hits="1" number="509"/>
						<line hits="1" number="516"/>
						<line hits="1" number="518"/>
						<line hits="1" number="525"/>
						<line branch="true" condition-coverage="50% (1/2)" hits="1" missing-branches="exit" number="532"/>
						<line branch="true" condition-coverage="50% (1/2)" hits="1" missing-branches="exit" number="551"/>
						<line branch="true" condition-coverage="50% (1/2)" hits="1" missing-branches="exit" number="570"/>
						<line hits="1" number="589"/>
						<line hits="1" number="593"/>
						<line hits="1" number="594"/>
						<line branch="true" condition-coverage="100% (2/2)" hits="1" number="597"/>
						<line hits="1" number="604"/>
						<line hits="1" number="606"/>
						<line hits="1" number="612"/>
						<line hits="1" number="617"/>
						<line hits="1" number="622"/>
						<line hits="1" number="627"/>
						<line hits="1" number="633"/>
						<line hits="1" number="640"/>
						<line hits="1" number="644"/>
						<line hits="1" number="646"/>
						<line branch="true" condition-coverage="100% (2/2)" hits="1" number="647"/>
						<line branch="true" condition-coverage="100% (2/2)" hits="1" number="648"/>
						<line hits="1" number="649"/>
						<line branch="true" condition-coverage="100% (2/2)" hits="1" number="650"/>
						<line hits="1" number="651"/>
						<line branch="true" condition-coverage="100% (2/2)" hits="1" number="652"/>
						<line branch="true" condition-coverage="50% (1/2)" hits="1" missing-branches="652" number="653"/>
						<line hits="1" number="654"/>
						<line hits="1" number="655"/>
						<line branch="true" condition-coverage="100% (2/2)" hits="1" number="656"/>
						<line hits="1" number="657"/>
						<line branch="true" condition-coverage="100% (2/2)" hits="1" number="660"/>
						<line hits="1" number="667"/>
						<line hits="1" number="669"/>
						<line hits="1" number="675"/>
						<line hits="1" number="680"/>
						<line hits="1" number="685"/>
						<line hits="1" number="690"/>
						<line branch="true" condition-coverage="100% (2/2)" hits="1" number="692"/>
						<line branch="true" condition-coverage="100% (2/2)" hits="1" number="693"/>
						<line hits="1" number="694"/>
						<line branch="true" condition-coverage="100% (2/2)" hits="1" number="695"/>
						<line hits="1" number="696"/>
						<line branch="true" condition-coverage="100% (2/2)" hits="1" number="699"/>
						<line hits="1" number="705"/>
						<line hits="1" number="707"/>
						<line hits="1" number="714"/>
						<line branch="true" condition-coverage="50% (1/2)" hits="1" missing-branches="exit" number="721"/>
						<line hits="1" number="736"/>
						<line hits="1" number="743"/>
						<line branch="true" condition-coverage="100% (2/2)" hits="1" number="749"/>
						<line hits="1" number="755"/>
						<line hits="1" number="757"/>
						<line hits="1" number="765"/>
						<line branch="true" condition-coverage="50% (1/2)" hits="1" missing-branches="exit" number="772"/>
						<line hits="1" number="786"/>
						<line branch="true" condition-coverage="100% (2/2)" hits="1" number="789"/>
						<line hits="1" number="792"/>
						<line hits="1" number="794"/>
						<line hits="1" number="801"/>
						<line hits="1" number="808"/>
						<line hits="1" number="814"/>
						<line hits="0" number="816"/>
						<line hits="1" number="820"/>
						<line hits="1" number="823"/>
						<line hits="1" number="825"/>
						<line hits="1" number="828"/>
						<line hits="1" number="830"/>
						<line hits="1" number="833"/>
						<line branch="true" condition-coverage="100% (2/2)" hits="1" number="838"/>
						<line hits="1" number="841"/>
						<line hits="1" number="843"/>
						<line hits="1" number="849"/>
						<line hits="1" number="855"/>
						<line hits="1" number="861"/>
						<line hits="1" number="864"/>
						<line hits="1" number="866"/>
						<line hits="1" number="869"/>
						<line hits="1" number="872"/>
					</lines>
				</class>
				<class branch-rate="0.9565" complexity="0" filename="rest.py" line-rate="1" name="rest.py">
					<methods/>
					<lines>
						<line hits="1" number="21"/>
						<line hits="1" number="22"/>
						<line hits="1" number="24"/>
						<line hits="1" number="25"/>
						<line hits="1" number="26"/>
						<line hits="1" number="28"/>
						<line hits="1" number="29"/>
						<line hits="1" number="30"/>
						<line hits="1" number="31"/>
						<line hits="1" number="32"/>
						<line hits="1" number="33"/>
						<line hits="1" number="34"/>
						<line hits="1" number="35"/>
						<line hits="1" number="37"/>
						<line hits="1" number="38"/>
						<line hits="1" number="39"/>
						<line hits="1" number="41"/>
						<line hits="1" number="43"/>
						<line hits="1" number="46"/>
						<line hits="1" number="48"/>
						<line hits="1" number="56"/>
						<line hits="1" number="62"/>
						<line hits="1" number="64"/>
						<line branch="true" condition-coverage="50% (1/2)" hits="1" missing-branches="70" number="65"/>
						<line hits="1" number="66"/>
						<line hits="1" number="67"/>
						<line hits="1" number="68"/>
						<line hits="1" number="69"/>
						<line hits="1" number="70"/>
						<line branch="true" condition-coverage="100% (2/2)" hits="1" number="72"/>
						<line branch="true" condition-coverage="100% (2/2)" hits="1" number="73"/>
						<line hits="1" number="74"/>
						<line hits="1" number="78"/>
						<line hits="1" number="84"/>
						<line branch="true" condition-coverage="100% (2/2)" hits="1" number="86"/>
						<line hits="1" number="87"/>
						<line hits="1" number="89"/>
						<line hits="1" number="91"/>
						<line hits="1" number="93"/>
						<line hits="1" number="94"/>
						<line hits="1" number="95"/>
						<line hits="1" number="103"/>
						<line hits="1" number="104"/>
						<line branch="true" condition-coverage="100% (3/3)" hits="1" number="105"/>
						<line hits="1" number="106"/>
						<line hits="1" number="108"/>
						<line hits="1" number="110"/>
						<line hits="1" number="112"/>
						<line branch="true" condition-coverage="100% (2/2)" hits="1" number="113"/>
						<line hits="1" number="114"/>
						<line hits="1" number="116"/>
						<line hits="1" number="117"/>
						<line branch="true" condition-coverage="100% (2/2)" hits="1" number="118"/>
						<line hits="1" number="119"/>
						<line branch="true" condition-coverage="100% (2/2)" hits="1" number="120"/>
						<line hits="1" number="121"/>
						<line hits="1" number="122"/>
						<line hits="1" number="123"/>
						<line hits="1" number="124"/>
						<line hits="1" number="125"/>
						<line branch="true" condition-coverage="100% (2/2)" hits="1" number="126"/>
						<line hits="1" number="127"/>
						<line hits="1" number="129"/>
						<line branch="true" condition-coverage="100% (2/2)" hits="1" number="130"/>
						<line hits="1" number="132"/>
						<line hits="1" number="133"/>
						<line hits="1" number="134"/>
						<line hits="1" number="135"/>
						<line hits="1" number="138"/>
						<line hits="1" number="139"/>
						<line hits="1" number="140"/>
						<line hits="1" number="141"/>
						<line branch="true" condition-coverage="100% (2/2)" hits="1" number="142"/>
						<line hits="1" number="143"/>
						<line hits="1" number="144"/>
						<line hits="1" number="145"/>
						<line hits="1" number="146"/>
						<line hits="1" number="147"/>
						<line hits="1" number="148"/>
						<line hits="1" number="149"/>
						<line hits="1" number="151"/>
						<line hits="1" number="155"/>
						<line hits="1" number="157"/>
					</lines>
				</class>
				<class branch-rate="1" complexity="0" filename="scopes.py" line-rate="1" name="scopes.py">
					<methods/>
					<lines>
						<line hits="1" number="25"/>
						<line hits="1" number="27"/>
						<line hits="1" number="29"/>
						<line hits="1" number="30"/>
						<line hits="1" number="32"/>
						<line hits="1" number="37"/>
					</lines>
				</class>
				<class branch-rate="0.5455" complexity="0" filename="utils.py" line-rate="0.6146" name="utils.py">
					<methods/>
					<lines>
						<line hits="1" number="21"/>
						<line hits="1" number="22"/>
						<line hits="1" number="23"/>
						<line hits="1" number="24"/>
						<line hits="1" number="25"/>
						<line hits="1" number="26"/>
						<line hits="1" number="27"/>
						<line hits="1" number="29"/>
						<line hits="1" number="30"/>
						<line hits="1" number="31"/>
						<line hits="1" number="32"/>
						<line hits="1" number="33"/>
						<line hits="1" number="34"/>
						<line hits="1" number="35"/>
						<line hits="1" number="36"/>
						<line hits="1" number="37"/>
						<line hits="1" number="38"/>
						<line hits="1" number="39"/>
						<line hits="1" number="40"/>
						<line hits="1" number="41"/>
						<line hits="1" number="42"/>
						<line hits="1" number="43"/>
						<line hits="1" number="44"/>
						<line hits="1" number="45"/>
						<line hits="1" number="46"/>
						<line hits="1" number="47"/>
						<line hits="1" number="49"/>
						<line hits="1" number="58"/>
						<line hits="1" number="59"/>
						<line branch="true" condition-coverage="100% (2/2)" hits="1" number="63"/>
						<line hits="1" number="64"/>
[...]
						<line hits="0" number="510"/>
						<line hits="0" number="511"/>
						<line branch="true" condition-coverage="0% (0/2)" hits="0" missing-branches="515,529" number="514"/>
						<line hits="0" number="515"/>
						<line hits="0" number="518"/>
						<line branch="true" condition-coverage="0% (0/2)" hits="0" missing-branches="520,521" number="519"/>
						<line hits="0" number="520"/>
						<line branch="true" condition-coverage="0% (0/2)" hits="0" missing-branches="522,529" number="521"/>
						<line branch="true" condition-coverage="0% (0/2)" hits="0" missing-branches="523,526" number="522"/>
						<line branch="true" condition-coverage="0% (0/2)" hits="0" missing-branches="524,529" number="523"/>
						<line hits="0" number="524"/>
						<line hits="0" number="526"/>
						<line hits="1" number="529"/>
						<line branch="true" condition-coverage="50% (1/2)" hits="1" missing-branches="531" number="530"/>
						<line hits="0" number="531"/>
						<line hits="0" number="532"/>
						<line branch="true" condition-coverage="0% (0/2)" hits="0" missing-branches="536,551" number="535"/>
						<line hits="0" number="536"/>
						<line hits="0" number="539"/>
						<line branch="true" condition-coverage="0% (0/2)" hits="0" missing-branches="541,543" number="540"/>
						<line hits="0" number="541"/>
						<line branch="true" condition-coverage="0% (0/2)" hits="0" missing-branches="544,551" number="543"/>
						<line branch="true" condition-coverage="0% (0/2)" hits="0" missing-branches="545,548" number="544"/>
						<line branch="true" condition-coverage="0% (0/2)" hits="0" missing-branches="546,551" number="545"/>
						<line hits="0" number="546"/>
						<line hits="0" number="548"/>
						<line hits="1" number="551"/>
						<line branch="true" condition-coverage="50% (1/2)" hits="1" missing-branches="553" number="552"/>
						<line hits="0" number="553"/>
						<line hits="0" number="554"/>
						<line branch="true" condition-coverage="0% (0/2)" hits="0" missing-branches="558,573" number="557"/>
						<line hits="0" number="558"/>
						<line hits="0" number="561"/>
						<line branch="true" condition-coverage="0% (0/2)" hits="0" missing-branches="563,565" number="562"/>
						<line hits="0" number="563"/>
						<line branch="true" condition-coverage="0% (0/2)" hits="0" missing-branches="566,573" number="565"/>
						<line branch="true" condition-coverage="0% (0/2)" hits="0" missing-branches="567,570" number="566"/>
						<line branch="true" condition-coverage="0% (0/2)" hits="0" missing-branches="568,573" number="567"/>
						<line hits="0" number="568"/>
						<line hits="0" number="570"/>
						<line hits="1" number="573"/>
						<line branch="true" condition-coverage="50% (1/2)" hits="1" missing-branches="575" number="574"/>
						<line hits="0" number="575"/>
						<line hits="0" number="576"/>
						<line branch="true" condition-coverage="0% (0/2)" hits="0" missing-branches="580,594" number="579"/>
						<line hits="0" number="580"/>
						<line hits="0" number="582"/>
						<line branch="true" condition-coverage="0% (0/2)" hits="0" missing-branches="584,586" number="583"/>
						<line hits="0" number="584"/>
						<line branch="true" condition-coverage="0% (0/2)" hits="0" missing-branches="587,594" number="586"/>
						<line branch="true" condition-coverage="0% (0/2)" hits="0" missing-branches="588,591" number="587"/>
						<line branch="true" condition-coverage="0% (0/2)" hits="0" missing-branches="589,594" number="588"/>
						<line hits="0" number="589"/>
						<line hits="0" number="591"/>
						<line hits="1" number="594"/>
						<line hits="1" number="597"/>
						<line branch="true" condition-coverage="100% (2/2)" hits="1" number="599"/>
						<line hits="1" number="601"/>
						<line branch="true" condition-coverage="50% (1/2)" hits="1" missing-branches="613" number="602"/>
						<line hits="1" number="603"/>
						<line hits="1" number="605"/>
						<line branch="true" condition-coverage="50% (1/2)" hits="1" missing-branches="610" number="606"/>
						<line hits="1" number="607"/>
						<line hits="1" number="610"/>
						<line hits="1" number="613"/>
						<line branch="true" condition-coverage="50% (1/2)" hits="1" missing-branches="618" number="614"/>
						<line hits="1" number="615"/>
						<line hits="1" number="618"/>
						<line branch="true" condition-coverage="50% (1/2)" hits="1" missing-branches="352" number="619"/>
						<line hits="1" number="620"/>
						<line branch="true" condition-coverage="100% (2/2)" hits="1" number="622"/>
						<line hits="1" number="623"/>
						<line hits="1" number="626"/>
						<line hits="1" number="628"/>
						<line hits="1" number="630"/>
						<line hits="1" number="631"/>
						<line hits="1" number="632"/>
						<line branch="true" condition-coverage="100% (2/2)" hits="1" number="633"/>
						<line hits="1" number="634"/>
						<line hits="1" number="635"/>
						<line hits="1" number="636"/>
						<line hits="1" number="637"/>
						<line branch="true" condition-coverage="50% (1/2)" hits="1" missing-branches="exit" number="639"/>
						<line hits="1" number="640"/>
						<line branch="true" condition-coverage="100% (2/2)" hits="1" number="644"/>
						<line branch="true" condition-coverage="50% (1/2)" hits="1" missing-branches="644" number="645"/>
						<line branch="true" condition-coverage="100% (2/2)" hits="1" number="646"/>
						<line branch="true" condition-coverage="50% (1/2)" hits="1" missing-branches="644" number="647"/>
						<line hits="1" number="648"/>
						<line hits="1" number="650"/>
						<line hits="1" number="653"/>
						<line branch="true" condition-coverage="100% (2/2)" hits="1" number="654"/>
						<line hits="1" number="655"/>
						<line branch="true" condition-coverage="100% (2/2)" hits="1" number="656"/>
						<line hits="1" number="657"/>
						<line hits="1" number="658"/>
						<line branch="true" condition-coverage="50% (1/2)" hits="1" missing-branches="exit" number="661"/>
						<line hits="1" number="662"/>
						<line branch="true" condition-coverage="100% (2/2)" hits="1" number="664"/>
						<line hits="1" number="665"/>
						<line hits="1" number="666"/>
						<line branch="true" condition-coverage="50% (1/2)" hits="1" missing-branches="exit" number="668"/>
						<line branch="true" condition-coverage="100% (2/2)" hits="1" number="669"/>
						<line branch="true" condition-coverage="100% (2/2)" hits="1" number="670"/>
						<line hits="1" number="671"/>
						<line hits="1" number="673"/>
						<line hits="1" number="675"/>
						<line hits="1" number="676"/>
						<line branch="true" condition-coverage="100% (2/2)" hits="1" number="677"/>
						<line hits="1" number="678"/>
						<line hits="1" number="679"/>
						<line branch="true" condition-coverage="50% (1/2)" hits="1" missing-branches="exit" number="682"/>
						<line hits="1" number="683"/>
						<line branch="true" condition-coverage="100% (2/2)" hits="1" number="685"/>
						<line hits="1" number="687"/>
						<line hits="1" number="688"/>
						<line hits="1" number="689"/>
						<line branch="true" condition-coverage="50% (1/2)" hits="1" missing-branches="exit" number="691"/>
						<line branch="true" condition-coverage="100% (2/2)" hits="1" number="692"/>
						<line branch="true" condition-coverage="100% (2/2)" hits="1" number="693"/>
						<line hits="1" number="694"/>
						<line branch="true" condition-coverage="50% (1/2)" hits="1" missing-branches="693" number="695"/>
						<line hits="1" number="696"/>
						<line branch="true" condition-coverage="50% (1/2)" hits="1" missing-branches="exit" number="698"/>
						<line hits="1" number="699"/>
						<line hits="1" number="701"/>
						<line hits="1" number="702"/>
						<line hits="1" number="703"/>
						<line branch="true" condition-coverage="100% (2/2)" hits="1" number="704"/>
						<line hits="1" number="705"/>
						<line hits="1" number="706"/>
						<line hits="1" number="707"/>
						<line hits="1" number="708"/>
						<line branch="true" condition-coverage="50% (1/2)" hits="1" missing-branches="exit" number="710"/>
						<line hits="1" number="711"/>
						<line branch="true" condition-coverage="100% (2/2)" hits="1" number="715"/>
						<line branch="true" condition-coverage="50% (1/2)" hits="1" missing-branches="715" number="716"/>
						<line branch="true" condition-coverage="50% (1/2)" hits="1" missing-branches="722" number="717"/>
						<line branch="true" condition-coverage="50% (1/2)" hits="1" missing-branches="715" number="718"/>
						<line hits="1" number="719"/>
						<line hits="0" number="722"/>
						<line hits="1" number="725"/>
						<line branch="true" condition-coverage="100% (2/2)" hits="1" number="726"/>
						<line hits="1" number="727"/>
						<line branch="true" condition-coverage="100% (2/2)" hits="1" number="728"/>
						<line hits="1" number="729"/>
						<line hits="1" number="730"/>
						<line branch="true" condition-coverage="50% (1/2)" hits="1" missing-branches="exit" number="733"/>
						<line hits="1" number="734"/>
						<line branch="true" condition-coverage="100% (2/2)" hits="1" number="737"/>
						<line hits="1" number="740"/>
						<line hits="1" number="741"/>
						<line branch="true" condition-coverage="50% (1/2)" hits="1" missing-branches="exit" number="744"/>
						<line branch="true" condition-coverage="100% (2/2)" hits="1" number="745"/>
						<line branch="true" condition-coverage="100% (2/2)" hits="1" number="746"/>
						<line hits="1" number="747"/>
						<line hits="1" number="749"/>
						<line hits="1" number="751"/>
						<line hits="1" number="753"/>
						<line branch="true" condition-coverage="100% (2/2)" hits="1" number="754"/>
						<line hits="1" number="755"/>
						<line branch="true" condition-coverage="50% (1/2)" hits="1" missing-branches="exit" number="758"/>
						<line hits="1" number="759"/>
						<line hits="1" number="762"/>
						<line hits="1" number="765"/>
						<line branch="true" condition-coverage="50% (1/2)" hits="1" missing-branches="exit" number="768"/>
						<line branch="true" condition-coverage="100% (2/2)" hits="1" number="769"/>
						<line branch="true" condition-coverage="100% (2/2)" hits="1" number="770"/>
						<line hits="1" number="771"/>
						<line branch="true" condition-coverage="50% (1/2)" hits="1" missing-branches="770" number="773"/>
						<line hits="1" number="775"/>
						<line branch="true" condition-coverage="50% (1/2)" hits="1" missing-branches="exit" number="777"/>
						<line hits="1" number="779"/>
						<line hits="1" number="781"/>
						<line hits="1" number="782"/>
						<line branch="true" condition-coverage="100% (2/2)" hits="1" number="783"/>
						<line hits="1" number="784"/>
						<line branch="true" condition-coverage="50% (1/2)" hits="1" missing-branches="exit" number="787"/>
						<line hits="1" number="788"/>
						<line hits="1" number="791"/>
						<line branch="true" condition-coverage="100% (2/2)" hits="1" number="792"/>
						<line hits="1" number="794"/>
						<line hits="1" number="796"/>
						<line hits="1" number="798"/>
						<line hits="1" number="799"/>
						<line branch="true" condition-coverage="50% (1/2)" hits="1" missing-branches="exit" number="803"/>
						<line branch="true" condition-coverage="100% (2/2)" hits="1" number="804"/>
						<line branch="true" condition-coverage="100% (2/2)" hits="1" number="805"/>
						<line hits="1" number="806"/>
						<line branch="true" condition-coverage="100% (2/2)" hits="1" number="807"/>
						<line branch="true" condition-coverage="50% (1/2)" hits="1" missing-branches="805" number="808"/>
						<line hits="1" number="809"/>
						<line hits="1" number="812"/>
						<line branch="true" condition-coverage="100% (2/2)" hits="1" number="815"/>
						<line branch="true" condition-coverage="50% (1/2)" hits="1" missing-branches="exit" number="816"/>
						<line hits="1" number="817"/>
						<line hits="1" number="820"/>
					</lines>
				</class>
			</classes>
		</package>
		<package branch-rate="0.8222" complexity="0" line-rate="0.986" name="serializers.schemas">
			<classes>
				<class name="__init__.py" filename="serializers/schemas/__init__.py" complexity="0" line-rate="1" branch-rate="1">
					<methods/>
					<lines/>
				</class>
				<class branch-rate="0.8222" complexity="0" filename="serializers/schemas/csl.py" line-rate="0.9859" name="csl.py">
					<methods/>
					<lines>
						<line hits="1" number="25"/>
						<line hits="1" number="27"/>
						<line hits="1" number="29"/>
						<line hits="1" number="30"/>
						<line hits="1" number="32"/>
						<line hits="1" number="33"/>
						<line hits="1" number="34"/>
						<line hits="1" number="35"/>
						<line hits="1" number="37"/>
						<line hits="1" number="38"/>
						<line hits="1" number="41"/>
						<line branch="true" condition-coverage="100% (2/2)" hits="1" number="43"/>
						<line hits="1" number="44"/>
						<line branch="true" condition-coverage="100% (2/2)" hits="1" number="45"/>
						<line hits="1" number="46"/>
						<line branch="true" condition-coverage="50% (1/2)" hits="1" missing-branches="43" number="47"/>
						<line hits="1" number="48"/>
						<line hits="1" number="49"/>
						<line hits="1" number="52"/>
						<line branch="true" condition-coverage="100% (2/2)" hits="1" number="54"/>
						<line branch="true" condition-coverage="50% (1/2)" hits="1" missing-branches="54" number="55"/>
						<line hits="1" number="56"/>
						<line hits="1" number="57"/>
						<line hits="1" number="60"/>
						<line hits="1" number="62"/>
						<line branch="true" condition-coverage="100% (2/2)" hits="1" number="64"/>
						<line hits="1" number="65"/>
						<line branch="true" condition-coverage="100% (2/2)" hits="1" number="66"/>
						<line hits="1" number="67"/>
						<line branch="true" condition-coverage="100% (2/2)" hits="1" number="68"/>
						<line branch="true" condition-coverage="100% (2/2)" hits="1" number="69"/>
						<line branch="true" condition-coverage="100% (2/2)" hits="1" number="70"/>
						<line hits="1" number="71"/>
						<line hits="1" number="72"/>
						<line hits="1" number="74"/>
						<line branch="true" condition-coverage="100% (2/2)" hits="1" number="75"/>
						<line hits="1" number="76"/>
						<line branch="true" condition-coverage="100% (2/2)" hits="1" number="77"/>
						<line branch="true" condition-coverage="100% (2/2)" hits="1" number="78"/>
						<line branch="true" condition-coverage="100% (2/2)" hits="1" number="79"/>
						<line hits="1" number="80"/>
						<line hits="1" number="82"/>
						<line branch="true" condition-coverage="100% (2/2)" hits="1" number="84"/>
						<line hits="1" number="85"/>
						<line branch="true" condition-coverage="100% (2/2)" hits="1" number="86"/>
						<line hits="1" number="87"/>
						<line hits="1" number="88"/>
						<line hits="1" number="90"/>
						<line hits="1" number="92"/>
						<line branch="true" condition-coverage="100% (2/2)" hits="1" number="94"/>
						<line hits="1" number="95"/>
						<line branch="true" condition-coverage="100% (2/2)" hits="1" number="96"/>
						<line hits="1" number="97"/>
						<line branch="true" condition-coverage="100% (2/2)" hits="1" number="98"/>
						<line hits="1" number="99"/>
						<line branch="true" condition-coverage="50% (1/2)" hits="1" missing-branches="102" number="100"/>
						<line hits="1" number="101"/>
						<line hits="0" number="102"/>
						<line branch="true" condition-coverage="50% (1/2)" hits="1" missing-branches="exit" number="103"/>
						<line hits="1" number="104"/>
						<line branch="true" condition-coverage="100% (2/2)" hits="1" number="105"/>
						<line hits="1" number="106"/>
						<line branch="true" condition-coverage="100% (2/2)" hits="1" number="107"/>
						<line hits="1" number="108"/>
						<line branch="true" condition-coverage="100% (2/2)" hits="1" number="109"/>
						<line hits="1" number="110"/>
						<line hits="1" number="112"/>
						<line hits="1" number="114"/>
						<line hits="1" number="115"/>
						<line hits="1" number="116"/>
						<line branch="true" condition-coverage="50% (1/2)" hits="1" missing-branches="119" number="117"/>
						<line hits="1" number="118"/>
						<line hits="1" number="119"/>
						<line branch="true" condition-coverage="50% (1/2)" hits="1" missing-branches="124" number="120"/>
						<line hits="1" number="121"/>
						<line hits="1" number="122"/>
						<line hits="1" number="123"/>
						<line hits="1" number="124"/>
						<line branch="true" condition-coverage="100% (2/2)" hits="1" number="127"/>
						<line hits="1" number="130"/>
						<line hits="1" number="131"/>
						<line hits="1" number="132"/>
						<line hits="1" number="133"/>
						<line hits="1" number="135"/>
						<line branch="true" condition-coverage="50% (1/2)" hits="1" missing-branches="138" number="136"/>
						<line hits="0" number="138"/>
						<line hits="1" number="140"/>
						<line branch="true" condition-coverage="50% (1/2)" hits="1" missing-branches="exit" number="142"/>
						<line branch="true" condition-coverage="50% (1/2)" hits="1" missing-branches="exit" number="144"/>
						<line branch="true" condition-coverage="50% (1/2)" hits="1" missing-branches="exit" number="146"/>
						<line branch="true" condition-coverage="50% (1/2)" hits="1" missing-branches="exit" number="148"/>
						<line branch="true" condition-coverage="50% (1/2)" hits="1" missing-branches="exit" number="153"/>
						<line branch="true" condition-coverage="50% (1/2)" hits="1" missing-branches="exit" number="155"/>
						<line branch="true" condition-coverage="50% (1/2)" hits="1" missing-branches="exit" number="157"/>
						<line branch="true" condition-coverage="50% (1/2)" hits="1" missing-branches="exit" number="159"/>
						<line branch="true" condition-coverage="50% (1/2)" hits="1" missing-branches="exit" number="161"/>
						<line hits="1" number="164"/>
						<line hits="1" number="166"/>
						<line hits="1" number="167"/>
						<line hits="1" number="168"/>
						<line branch="true" condition-coverage="100% (2/2)" hits="1" number="169"/>
						<line hits="1" number="170"/>
						<line branch="true" condition-coverage="100% (2/2)" hits="1" number="171"/>
						<line hits="1" number="172"/>
						<line branch="true" condition-coverage="100% (2/2)" hits="1" number="173"/>
						<line hits="1" number="174"/>
						<line hits="1" number="175"/>
						<line hits="1" number="177"/>
						<line hits="1" number="179"/>
						<line hits="1" number="180"/>
						<line branch="true" condition-coverage="100% (2/2)" hits="1" number="181"/>
						<line hits="1" number="182"/>
						<line branch="true" condition-coverage="100% (2/2)" hits="1" number="183"/>
						<line hits="1" number="184"/>
						<line hits="1" number="185"/>
						<line hits="1" number="186"/>
						<line hits="1" number="187"/>
						<line branch="true" condition-coverage="100% (2/2)" hits="1" number="188"/>
						<line hits="1" number="189"/>
						<line hits="1" number="190"/>
						<line hits="1" number="191"/>
						<line hits="1" number="192"/>
						<line branch="true" condition-coverage="100% (2/2)" hits="1" number="193"/>
						<line hits="1" number="194"/>
						<line hits="1" number="195"/>
						<line hits="1" number="196"/>
						<line hits="1" number="197"/>
						<line hits="1" number="199"/>
						<line hits="1" number="201"/>
						<line hits="1" number="202"/>
						<line hits="1" number="204"/>
						<line hits="1" number="206"/>
						<line hits="1" number="207"/>
						<line branch="true" condition-coverage="100% (2/2)" hits="1" number="208"/>
						<line hits="1" number="209"/>
						<line hits="1" number="210"/>
						<line hits="1" number="212"/>
						<line hits="1" number="215"/>
						<line hits="1" number="216"/>
						<line hits="1" number="217"/>
						<line hits="1" number="218"/>
						<line hits="1" number="219"/>
					</lines>
				</class>
			</classes>
		</package>
	</packages>
</coverage>
